Using pre-set license
Built from '2021.3/staging' branch; Version is '2021.3.2f1 (d6360bedb9a0) revision 14038539'; Using compiler version '192829333'; Build Type 'Release'
OS: 'Windows 10  (10.0.19043) 64bit CoreSingleLanguage' Language: 'es' Physical Memory: 12171 MB
BatchMode: 1, IsHumanControllingUs: 0, StartBugReporterOnCrash: 0, Is64bit: 1, IsPro: 1

COMMAND LINE ARGUMENTS:
C:\Program Files\Unity\Hub\Editor\2021.3.2f1\Editor\Unity.exe
-adb2
-batchMode
-noUpm
-name
AssetImportWorker1
-projectPath
D:/Documents/TEC/Academia/ITC/CONACYT/ALMOSTHERE/Unity-Kenny
-logFile
Logs/AssetImportWorker1.log
-srvPort
50990
Successfully changed project path to: D:/Documents/TEC/Academia/ITC/CONACYT/ALMOSTHERE/Unity-Kenny
D:/Documents/TEC/Academia/ITC/CONACYT/ALMOSTHERE/Unity-Kenny
[UnityMemory] Configuration Parameters - Can be set up in boot.config
    "memorysetup-bucket-allocator-granularity=16"
    "memorysetup-bucket-allocator-bucket-count=8"
    "memorysetup-bucket-allocator-block-size=33554432"
    "memorysetup-bucket-allocator-block-count=8"
    "memorysetup-main-allocator-block-size=16777216"
    "memorysetup-thread-allocator-block-size=16777216"
    "memorysetup-gfx-main-allocator-block-size=16777216"
    "memorysetup-gfx-thread-allocator-block-size=16777216"
    "memorysetup-cache-allocator-block-size=4194304"
    "memorysetup-typetree-allocator-block-size=2097152"
    "memorysetup-profiler-bucket-allocator-granularity=16"
    "memorysetup-profiler-bucket-allocator-bucket-count=8"
    "memorysetup-profiler-bucket-allocator-block-size=33554432"
    "memorysetup-profiler-bucket-allocator-block-count=8"
    "memorysetup-profiler-allocator-block-size=16777216"
    "memorysetup-profiler-editor-allocator-block-size=1048576"
    "memorysetup-temp-allocator-size-main=16777216"
    "memorysetup-job-temp-allocator-block-size=2097152"
    "memorysetup-job-temp-allocator-block-size-background=1048576"
    "memorysetup-job-temp-allocator-reduction-small-platforms=262144"
    "memorysetup-temp-allocator-size-background-worker=32768"
    "memorysetup-temp-allocator-size-job-worker=262144"
    "memorysetup-temp-allocator-size-preload-manager=33554432"
    "memorysetup-temp-allocator-size-nav-mesh-worker=65536"
    "memorysetup-temp-allocator-size-audio-worker=65536"
    "memorysetup-temp-allocator-size-cloud-worker=32768"
    "memorysetup-temp-allocator-size-gi-baking-worker=262144"
    "memorysetup-temp-allocator-size-gfx=262144"
Refreshing native plugins compatible for Editor in 42.47 ms, found 0 plugins.
Preloading 0 native plugins for Editor in 0.00 ms.
Initialize engine version: 2021.3.2f1 (d6360bedb9a0)
[Subsystems] Discovering subsystems at path C:/Program Files/Unity/Hub/Editor/2021.3.2f1/Editor/Data/Resources/UnitySubsystems
[Subsystems] Discovering subsystems at path D:/Documents/TEC/Academia/ITC/CONACYT/ALMOSTHERE/Unity-Kenny/Assets
GfxDevice: creating device client; threaded=0; jobified=0
Direct3D:
    Version:  Direct3D 11.0 [level 11.1]
    Renderer: NVIDIA GeForce GTX 1050 (ID=0x1c8d)
    Vendor:   NVIDIA
    VRAM:     1979 MB
    Driver:   27.21.14.5177
Initialize mono
Mono path[0] = 'C:/Program Files/Unity/Hub/Editor/2021.3.2f1/Editor/Data/Managed'
Mono path[1] = 'C:/Program Files/Unity/Hub/Editor/2021.3.2f1/Editor/Data/MonoBleedingEdge/lib/mono/unityjit-win32'
Mono config path = 'C:/Program Files/Unity/Hub/Editor/2021.3.2f1/Editor/Data/MonoBleedingEdge/etc'
Using monoOptions --debugger-agent=transport=dt_socket,embedding=1,server=y,suspend=n,address=127.0.0.1:56320
Begin MonoManager ReloadAssembly
Registering precompiled unity dll's ...
Register platform support module: C:/Program Files/Unity/Hub/Editor/2021.3.2f1/Editor/Data/PlaybackEngines/WindowsStandaloneSupport/UnityEditor.WindowsStandalone.Extensions.dll
Registered in 0.011758 seconds.
Native extension for WindowsStandalone target not found
Refreshing native plugins compatible for Editor in 45.87 ms, found 0 plugins.
Preloading 0 native plugins for Editor in 0.00 ms.
Mono: successfully reloaded assembly
- Completed reload, in  1.051 seconds
Domain Reload Profiling:
	ReloadAssembly (1051ms)
		BeginReloadAssembly (149ms)
			ExecutionOrderSort (0ms)
			DisableScriptedObjects (0ms)
			BackupInstance (0ms)
			ReleaseScriptingObjects (0ms)
			CreateAndSetChildDomain (2ms)
		EndReloadAssembly (721ms)
			LoadAssemblies (145ms)
			RebuildTransferFunctionScriptingTraits (0ms)
			SetupTypeCache (184ms)
			ReleaseScriptCaches (0ms)
			RebuildScriptCaches (48ms)
			SetupLoadedEditorAssemblies (400ms)
				LogAssemblyErrors (0ms)
				InitializePlatformSupportModulesInManaged (12ms)
				SetLoadedEditorAssemblies (1ms)
				RefreshPlugins (46ms)
				BeforeProcessingInitializeOnLoad (2ms)
				ProcessInitializeOnLoadAttributes (265ms)
				ProcessInitializeOnLoadMethodAttributes (74ms)
				AfterProcessingInitializeOnLoad (0ms)
				EditorAssembliesLoaded (0ms)
			ExecutionOrderSort2 (0ms)
			AwakeInstancesAfterBackupRestoration (0ms)
Platform modules already initialized, skipping
Registering precompiled user dll's ...
Registered in 0.000504 seconds.
Begin MonoManager ReloadAssembly
Native extension for WindowsStandalone target not found
Refreshing native plugins compatible for Editor in 0.30 ms, found 0 plugins.
Preloading 0 native plugins for Editor in 0.00 ms.
Mono: successfully reloaded assembly
- Completed reload, in  1.162 seconds
Domain Reload Profiling:
	ReloadAssembly (1163ms)
		BeginReloadAssembly (187ms)
			ExecutionOrderSort (0ms)
			DisableScriptedObjects (13ms)
			BackupInstance (0ms)
			ReleaseScriptingObjects (0ms)
			CreateAndSetChildDomain (33ms)
		EndReloadAssembly (791ms)
			LoadAssemblies (100ms)
			RebuildTransferFunctionScriptingTraits (0ms)
			SetupTypeCache (232ms)
			ReleaseScriptCaches (0ms)
			RebuildScriptCaches (73ms)
			SetupLoadedEditorAssemblies (329ms)
				LogAssemblyErrors (0ms)
				InitializePlatformSupportModulesInManaged (9ms)
				SetLoadedEditorAssemblies (1ms)
				RefreshPlugins (0ms)
				BeforeProcessingInitializeOnLoad (75ms)
				ProcessInitializeOnLoadAttributes (199ms)
				ProcessInitializeOnLoadMethodAttributes (31ms)
				AfterProcessingInitializeOnLoad (14ms)
				EditorAssembliesLoaded (0ms)
			ExecutionOrderSort2 (0ms)
			AwakeInstancesAfterBackupRestoration (9ms)
Platform modules already initialized, skipping
========================================================================
Worker process is ready to serve import requests
Launched and connected shader compiler UnityShaderCompiler.exe after 0.14 seconds
Refreshing native plugins compatible for Editor in 0.37 ms, found 0 plugins.
Preloading 0 native plugins for Editor in 0.00 ms.
Unloading 1105 Unused Serialized files (Serialized files now loaded: 0)
Unloading 9 unused Assets / (58.3 KB). Loaded Objects now: 1599.
Memory consumption went from 71.7 MB to 71.7 MB.
Total: 3.958600 ms (FindLiveObjects: 0.173800 ms CreateObjectMapping: 0.077100 ms MarkObjects: 3.503900 ms  DeleteObjects: 0.201400 ms)

AssetImportParameters requested are different than current active one (requested -> active):
  custom:video-decoder-ogg-theora: a1e56fd34408186e4bbccfd4996cb3dc -> 
  custom:container-muxer-webm: aa71ff27fc2769a1b78a27578f13a17b -> 
  custom:container-demuxer-webm: 4f35f7cbe854078d1ac9338744f61a02 -> 
  custom:video-encoder-webm-vp8: eb34c28f22e8b96e1ab97ce403110664 -> 
  custom:audio-encoder-webm-vorbis: bf7c407c2cedff20999df2af8eb42d56 -> 
  custom:framework-win-MediaFoundation: 216162199b28c13a410421893ffa2e32 -> 
  custom:container-demuxer-ogg: 62fdf1f143b41e24485cea50d1cbac27 -> 
  custom:video-decoder-webm-vp8: 9c59270c3fd7afecdb556c50c9e8de78 -> 
  custom:audio-decoder-ogg-vorbis: bf7c407c2cedff20999df2af8eb42d56 -> 
========================================================================
Received Import Request.
  Time since last request: 47403.406148 seconds.
  path: Assets/Scripts/ObjectPicker
  artifactKey: Guid(4aa290b908a6c9b49b34f5bcb7d250f5) Importer(815301076,1909f56bfc062723c751e8b465ee728b)
Start importing Assets/Scripts/ObjectPicker using Guid(4aa290b908a6c9b49b34f5bcb7d250f5) Importer(815301076,1909f56bfc062723c751e8b465ee728b)  -> (artifact id: 'b90c59e057e3936c1fc39167267fc944') in 0.021498 seconds 
========================================================================
Received Import Request.
  Time since last request: 51.871218 seconds.
  path: Assets/Assets/Materials/New Material.mat
  artifactKey: Guid(487aeaca30fcde64787ed590474dcca1) Importer(815301076,1909f56bfc062723c751e8b465ee728b)
Start importing Assets/Assets/Materials/New Material.mat using Guid(487aeaca30fcde64787ed590474dcca1) Importer(815301076,1909f56bfc062723c751e8b465ee728b)  -> (artifact id: 'dd6e5bc955f897b42ce72346a7dd3a04') in 0.371669 seconds 
========================================================================
Received Import Request.
  Time since last request: 0.000032 seconds.
  path: Assets/Assets/Materials/New Physic Material.physicMaterial
  artifactKey: Guid(3b3d8d8876db84a4ca387550d4ff93e3) Importer(815301076,1909f56bfc062723c751e8b465ee728b)
Start importing Assets/Assets/Materials/New Physic Material.physicMaterial using Guid(3b3d8d8876db84a4ca387550d4ff93e3) Importer(815301076,1909f56bfc062723c751e8b465ee728b)  -> (artifact id: '751eef9c1eb5440e709c3a2a4097e013') in 0.016023 seconds 
========================================================================
Received Import Request.
  Time since last request: 3.249343 seconds.
  path: Assets/Assets/Keys/Barra espaciadora.png
  artifactKey: Guid(eeb48f6f65978e040b02e9b0ed49a8e8) Importer(815301076,1909f56bfc062723c751e8b465ee728b)
Start importing Assets/Assets/Keys/Barra espaciadora.png using Guid(eeb48f6f65978e040b02e9b0ed49a8e8) Importer(815301076,1909f56bfc062723c751e8b465ee728b)  -> (artifact id: 'c2031663b61369967ba4bc710b1179d6') in 0.150891 seconds 
========================================================================
Received Import Request.
  Time since last request: 8.259697 seconds.
  path: Assets/Resources/Bottle_05.prefab
  artifactKey: Guid(0c837400ef1130c4196d20ee30637d9c) Importer(815301076,1909f56bfc062723c751e8b465ee728b)
Start importing Assets/Resources/Bottle_05.prefab using Guid(0c837400ef1130c4196d20ee30637d9c) Importer(815301076,1909f56bfc062723c751e8b465ee728b)  -> (artifact id: 'a5d544549d77d611730827d3b9da4bee') in 0.042500 seconds 
========================================================================
Received Import Request.
  Time since last request: 0.000020 seconds.
  path: Assets/Resources/Rock 5.prefab
  artifactKey: Guid(d0976a0f16cdc8e419422a94ffec72d1) Importer(815301076,1909f56bfc062723c751e8b465ee728b)
Start importing Assets/Resources/Rock 5.prefab using Guid(d0976a0f16cdc8e419422a94ffec72d1) Importer(815301076,1909f56bfc062723c751e8b465ee728b)  -> (artifact id: '5a54c3f1b41abc382340b9d4872ecc42') in 0.025804 seconds 
========================================================================
Received Import Request.
  Time since last request: 5.840448 seconds.
  path: Assets/Games/SaimonSaysController.prefab
  artifactKey: Guid(b385a38de866afc41a9c2ebf3676749f) Importer(815301076,1909f56bfc062723c751e8b465ee728b)
Start importing Assets/Games/SaimonSaysController.prefab using Guid(b385a38de866afc41a9c2ebf3676749f) Importer(815301076,1909f56bfc062723c751e8b465ee728b)  -> (artifact id: '29127dc1cf24f51ecf78e0adc82ee03b') in 0.018510 seconds 
========================================================================
Received Prepare
Registering precompiled user dll's ...
Registered in 0.000676 seconds.
Begin MonoManager ReloadAssembly
Native extension for WindowsStandalone target not found
Refreshing native plugins compatible for Editor in 0.31 ms, found 0 plugins.
Preloading 0 native plugins for Editor in 0.00 ms.
Mono: successfully reloaded assembly
- Completed reload, in  1.217 seconds
Domain Reload Profiling:
	ReloadAssembly (1218ms)
		BeginReloadAssembly (198ms)
			ExecutionOrderSort (0ms)
			DisableScriptedObjects (6ms)
			BackupInstance (0ms)
			ReleaseScriptingObjects (0ms)
			CreateAndSetChildDomain (44ms)
		EndReloadAssembly (812ms)
			LoadAssemblies (106ms)
			RebuildTransferFunctionScriptingTraits (0ms)
			SetupTypeCache (209ms)
			ReleaseScriptCaches (1ms)
			RebuildScriptCaches (52ms)
			SetupLoadedEditorAssemblies (365ms)
				LogAssemblyErrors (0ms)
				InitializePlatformSupportModulesInManaged (20ms)
				SetLoadedEditorAssemblies (1ms)
				RefreshPlugins (0ms)
				BeforeProcessingInitializeOnLoad (70ms)
				ProcessInitializeOnLoadAttributes (216ms)
				ProcessInitializeOnLoadMethodAttributes (41ms)
				AfterProcessingInitializeOnLoad (17ms)
				EditorAssembliesLoaded (0ms)
			ExecutionOrderSort2 (0ms)
			AwakeInstancesAfterBackupRestoration (13ms)
Platform modules already initialized, skipping
Refreshing native plugins compatible for Editor in 0.69 ms, found 0 plugins.
Preloading 0 native plugins for Editor in 0.00 ms.
Unloading 1082 Unused Serialized files (Serialized files now loaded: 0)
Unloading 3 unused Assets / (25.3 KB). Loaded Objects now: 1647.
Memory consumption went from 74.0 MB to 74.0 MB.
Total: 2.981600 ms (FindLiveObjects: 0.162800 ms CreateObjectMapping: 0.054500 ms MarkObjects: 2.743900 ms  DeleteObjects: 0.018900 ms)

AssetImportParameters requested are different than current active one (requested -> active):
  custom:video-decoder-ogg-theora: a1e56fd34408186e4bbccfd4996cb3dc -> 
  custom:container-muxer-webm: aa71ff27fc2769a1b78a27578f13a17b -> 
  custom:container-demuxer-webm: 4f35f7cbe854078d1ac9338744f61a02 -> 
  custom:video-encoder-webm-vp8: eb34c28f22e8b96e1ab97ce403110664 -> 
  custom:audio-encoder-webm-vorbis: bf7c407c2cedff20999df2af8eb42d56 -> 
  custom:framework-win-MediaFoundation: 216162199b28c13a410421893ffa2e32 -> 
  custom:container-demuxer-ogg: 62fdf1f143b41e24485cea50d1cbac27 -> 
  custom:video-decoder-webm-vp8: 9c59270c3fd7afecdb556c50c9e8de78 -> 
  custom:audio-decoder-ogg-vorbis: bf7c407c2cedff20999df2af8eb42d56 -> 
========================================================================
Received Import Request.
  Time since last request: 116.390167 seconds.
  path: Assets/Low Poly Free Vegetation Pack/Meshes/Rocks.fbx
  artifactKey: Guid(b028c90d3d17c7849a589391cd891c6c) Importer(815301076,1909f56bfc062723c751e8b465ee728b)
Start importing Assets/Low Poly Free Vegetation Pack/Meshes/Rocks.fbx using Guid(b028c90d3d17c7849a589391cd891c6c) Importer(815301076,1909f56bfc062723c751e8b465ee728b)  -> (artifact id: '2a3a90efb0bba2b420aa863893e61855') in 0.540677 seconds 
========================================================================
Received Import Request.
  Time since last request: 0.000034 seconds.
  path: Assets/Runemark Studio/Freebies/PolyDesert Mobile/Prefabs/cactus01_m.prefab
  artifactKey: Guid(5da07da6c25a65249aa4f03d5ed92684) Importer(815301076,1909f56bfc062723c751e8b465ee728b)
Start importing Assets/Runemark Studio/Freebies/PolyDesert Mobile/Prefabs/cactus01_m.prefab using Guid(5da07da6c25a65249aa4f03d5ed92684) Importer(815301076,1909f56bfc062723c751e8b465ee728b)  -> (artifact id: '697920c58ecd9182e40676358a782ea1') in 0.068545 seconds 
========================================================================
Received Import Request.
  Time since last request: 0.000027 seconds.
  path: Assets/Free Low Poly Desert Pack/FBX Files/Flat Colors/Flat_Cactus_02.fbx
  artifactKey: Guid(5d68287dfd7269a46bdafd483e2a0426) Importer(815301076,1909f56bfc062723c751e8b465ee728b)
Start importing Assets/Free Low Poly Desert Pack/FBX Files/Flat Colors/Flat_Cactus_02.fbx using Guid(5d68287dfd7269a46bdafd483e2a0426) Importer(815301076,1909f56bfc062723c751e8b465ee728b)  -> (artifact id: 'f93022399ce8ec1e43853d6021997e4b') in 0.254404 seconds 
========================================================================
Received Import Request.
  Time since last request: 0.000038 seconds.
  path: Assets/Runemark Studio/Freebies/PolyDesert Mobile/Meshes/cactus02.obj
  artifactKey: Guid(6b63de6b09241094791f5ebd528f64c3) Importer(815301076,1909f56bfc062723c751e8b465ee728b)
Start importing Assets/Runemark Studio/Freebies/PolyDesert Mobile/Meshes/cactus02.obj using Guid(6b63de6b09241094791f5ebd528f64c3) Importer(815301076,1909f56bfc062723c751e8b465ee728b)  -> (artifact id: '9c29e36d49aeeae61bd58b622e78340c') in 0.054445 seconds 
========================================================================
Received Import Request.
  Time since last request: 0.000077 seconds.
  path: Assets/LowpolyVegetationPackFree/Prefabs/Carrot.prefab
  artifactKey: Guid(7d778c6a61935e74393cd80fa8335495) Importer(815301076,1909f56bfc062723c751e8b465ee728b)
Start importing Assets/LowpolyVegetationPackFree/Prefabs/Carrot.prefab using Guid(7d778c6a61935e74393cd80fa8335495) Importer(815301076,1909f56bfc062723c751e8b465ee728b)  -> (artifact id: '8e3a3a5101973aa6b75b4e2db46cd4ae') in 0.034805 seconds 
========================================================================
Received Import Request.
  Time since last request: 0.000037 seconds.
  path: Assets/AurynSky/WinterArena/Prefabs/RED Prefabs/Castle_W_Red.prefab
  artifactKey: Guid(09e5e64bb35b5a941b7a4c74335f15d9) Importer(815301076,1909f56bfc062723c751e8b465ee728b)
Start importing Assets/AurynSky/WinterArena/Prefabs/RED Prefabs/Castle_W_Red.prefab using Guid(09e5e64bb35b5a941b7a4c74335f15d9) Importer(815301076,1909f56bfc062723c751e8b465ee728b)  -> (artifact id: '48cf589c9cc33a3dc38418ce368ad91f') in 0.075725 seconds 
========================================================================
Received Import Request.
  Time since last request: 0.000063 seconds.
  path: Assets/Runemark Studio/Freebies/Polygon Desert Pack/Prefabs/Cactus1.prefab
  artifactKey: Guid(575780dd1f55b7941803be0767c1e36e) Importer(815301076,1909f56bfc062723c751e8b465ee728b)
Start importing Assets/Runemark Studio/Freebies/Polygon Desert Pack/Prefabs/Cactus1.prefab using Guid(575780dd1f55b7941803be0767c1e36e) Importer(815301076,1909f56bfc062723c751e8b465ee728b)  -> (artifact id: 'e70dd455057c02e2045892dd24383c92') in 0.037059 seconds 
========================================================================
Received Import Request.
  Time since last request: 0.000031 seconds.
  path: Assets/LowPolyDungeonsLite/Prefabs/Candle_01.prefab
  artifactKey: Guid(c79d59d66358e0f45a098f4b8a82f8be) Importer(815301076,1909f56bfc062723c751e8b465ee728b)
Start importing Assets/LowPolyDungeonsLite/Prefabs/Candle_01.prefab using Guid(c79d59d66358e0f45a098f4b8a82f8be) Importer(815301076,1909f56bfc062723c751e8b465ee728b)  -> (artifact id: 'a379c8c29bed278ecb734a111d648d4c') in 0.038325 seconds 
========================================================================
Received Import Request.
  Time since last request: 0.000031 seconds.
  path: Assets/Runemark Studio/Freebies/PolyDesert Mobile/Prefabs/cactus03_m.prefab
  artifactKey: Guid(628ca882a5b7c144799112fa3339945c) Importer(815301076,1909f56bfc062723c751e8b465ee728b)
Start importing Assets/Runemark Studio/Freebies/PolyDesert Mobile/Prefabs/cactus03_m.prefab using Guid(628ca882a5b7c144799112fa3339945c) Importer(815301076,1909f56bfc062723c751e8b465ee728b)  -> (artifact id: '30c87d1c485ea29f465294f5de655f28') in 0.050433 seconds 
========================================================================
Received Import Request.
  Time since last request: 0.000031 seconds.
  path: Assets/AurynSky/WinterArena/Models/Castle_W.fbx
  artifactKey: Guid(bdae19fad075d0a44ab72d7344b3fdd1) Importer(815301076,1909f56bfc062723c751e8b465ee728b)
Start importing Assets/AurynSky/WinterArena/Models/Castle_W.fbx using Guid(bdae19fad075d0a44ab72d7344b3fdd1) Importer(815301076,1909f56bfc062723c751e8b465ee728b)  -> (artifact id: 'b6ca93332ef9ab365c0914127e048095') in 0.090545 seconds 
========================================================================
Received Import Request.
  Time since last request: 0.000049 seconds.
  path: Assets/Runemark Studio/Freebies/Polygon Desert Pack/Meshes/cactus1.fbx
  artifactKey: Guid(62a4c8a915a980040a05c9e8e080236a) Importer(815301076,1909f56bfc062723c751e8b465ee728b)
Start importing Assets/Runemark Studio/Freebies/Polygon Desert Pack/Meshes/cactus1.fbx using Guid(62a4c8a915a980040a05c9e8e080236a) Importer(815301076,1909f56bfc062723c751e8b465ee728b)  -> (artifact id: 'bfd395a45b71ba316d2f5abfe91bc760') in 0.041692 seconds 
========================================================================
Received Import Request.
  Time since last request: 0.000024 seconds.
  path: Assets/AurynSky/WinterArena/Models/Tower_Window_W.fbx
  artifactKey: Guid(d6c683f8e24767f4b82c6bc522ffc048) Importer(815301076,1909f56bfc062723c751e8b465ee728b)
Start importing Assets/AurynSky/WinterArena/Models/Tower_Window_W.fbx using Guid(d6c683f8e24767f4b82c6bc522ffc048) Importer(815301076,1909f56bfc062723c751e8b465ee728b)  -> (artifact id: 'f72a4e9360d1f4d6c06e2e45baa838fe') in 0.041817 seconds 
========================================================================
Received Import Request.
  Time since last request: 0.000049 seconds.
  path: Assets/Assets/IMG/Camisa Hawaiana_ (1).png
  artifactKey: Guid(c4cf2cb31a1165547b757662dbc3217c) Importer(815301076,1909f56bfc062723c751e8b465ee728b)
Start importing Assets/Assets/IMG/Camisa Hawaiana_ (1).png using Guid(c4cf2cb31a1165547b757662dbc3217c) Importer(815301076,1909f56bfc062723c751e8b465ee728b)  -> (artifact id: '987a47c39a76fc28171d227bcc6bc80a') in 0.120521 seconds 
========================================================================
Received Import Request.
  Time since last request: 0.000031 seconds.
  path: Assets/LowPolyDungeonsLite/Models/Candle_01.fbx
  artifactKey: Guid(0e94f8f9621dc254ca920f620b8e454e) Importer(815301076,1909f56bfc062723c751e8b465ee728b)
Start importing Assets/LowPolyDungeonsLite/Models/Candle_01.fbx using Guid(0e94f8f9621dc254ca920f620b8e454e) Importer(815301076,1909f56bfc062723c751e8b465ee728b)  -> (artifact id: '26b18032f75bf1201ebf0eefe72c796f') in 0.065897 seconds 
========================================================================
Received Import Request.
  Time since last request: 0.000076 seconds.
  path: Assets/Runemark Studio/Freebies/PolyDesert Mobile/Prefabs/cactus02_m.prefab
  artifactKey: Guid(5c243d3591422814a81656730b54873b) Importer(815301076,1909f56bfc062723c751e8b465ee728b)
Start importing Assets/Runemark Studio/Freebies/PolyDesert Mobile/Prefabs/cactus02_m.prefab using Guid(5c243d3591422814a81656730b54873b) Importer(815301076,1909f56bfc062723c751e8b465ee728b)  -> (artifact id: 'eec060a8cc7127d7770ae3f5d29f8ac2') in 0.042422 seconds 
========================================================================
Received Import Request.
  Time since last request: 0.000062 seconds.
  path: Assets/Low Poly Free Vegetation Pack/Prefabs/Big Rock 4.prefab
  artifactKey: Guid(dd1832de68cba8f48960216dac3c4f3e) Importer(815301076,1909f56bfc062723c751e8b465ee728b)
Start importing Assets/Low Poly Free Vegetation Pack/Prefabs/Big Rock 4.prefab using Guid(dd1832de68cba8f48960216dac3c4f3e) Importer(815301076,1909f56bfc062723c751e8b465ee728b)  -> (artifact id: '8a7f2f6b08f95ea12e22e2ba60588411') in 0.039513 seconds 
========================================================================
Received Import Request.
  Time since last request: 0.000027 seconds.
  path: Assets/Free Low Poly Desert Pack/FBX Files/Mixed Colors/Mixed_Cactus_02.fbx
  artifactKey: Guid(c4cca24570a3eb1478f1ede521f132d2) Importer(815301076,1909f56bfc062723c751e8b465ee728b)
Start importing Assets/Free Low Poly Desert Pack/FBX Files/Mixed Colors/Mixed_Cactus_02.fbx using Guid(c4cca24570a3eb1478f1ede521f132d2) Importer(815301076,1909f56bfc062723c751e8b465ee728b)  -> (artifact id: 'e7e229e5b6682e884578fd4f4f92d084') in 0.049696 seconds 
========================================================================
Received Import Request.
  Time since last request: 3.054045 seconds.
  path: Assets/Low Poly Free Vegetation Pack/Materials/Pine Tree Branch.mat
  artifactKey: Guid(9c0a1cda53d749f40a30a84ed1657377) Importer(815301076,1909f56bfc062723c751e8b465ee728b)
Start importing Assets/Low Poly Free Vegetation Pack/Materials/Pine Tree Branch.mat using Guid(9c0a1cda53d749f40a30a84ed1657377) Importer(815301076,1909f56bfc062723c751e8b465ee728b)  -> (artifact id: '0132332c6fcd1bbc34bf1d7be5aa9759') in 0.024181 seconds 
========================================================================
Received Import Request.
  Time since last request: 0.000021 seconds.
  path: Assets/AurynSky/WinterArena/Models/SnowPile_v2.fbx
  artifactKey: Guid(8f4df8118466c81408568d777ac8f055) Importer(815301076,1909f56bfc062723c751e8b465ee728b)
Start importing Assets/AurynSky/WinterArena/Models/SnowPile_v2.fbx using Guid(8f4df8118466c81408568d777ac8f055) Importer(815301076,1909f56bfc062723c751e8b465ee728b)  -> (artifact id: 'a218e3de29a46e9bbddc5b77fd5fb684') in 0.033919 seconds 
========================================================================
Received Import Request.
  Time since last request: 0.000033 seconds.
  path: Assets/AurynSky/WinterArena/Prefabs/Trees/WinterTreePineTall.prefab
  artifactKey: Guid(b29d3985dd86f1442be771350adae0ec) Importer(815301076,1909f56bfc062723c751e8b465ee728b)
Start importing Assets/AurynSky/WinterArena/Prefabs/Trees/WinterTreePineTall.prefab using Guid(b29d3985dd86f1442be771350adae0ec) Importer(815301076,1909f56bfc062723c751e8b465ee728b)  -> (artifact id: '3df07213773a15c582dea5b492df60c5') in 0.024117 seconds 
========================================================================
Received Import Request.
  Time since last request: 0.000025 seconds.
  path: Assets/AurynSky/WinterArena/Models/WinterIceTreePineTall.fbx
  artifactKey: Guid(532b0a1e29745774fad60bcb89b319fd) Importer(815301076,1909f56bfc062723c751e8b465ee728b)
Start importing Assets/AurynSky/WinterArena/Models/WinterIceTreePineTall.fbx using Guid(532b0a1e29745774fad60bcb89b319fd) Importer(815301076,1909f56bfc062723c751e8b465ee728b)  -> (artifact id: '3909904c6ff8f4689b8dfd2536e2a9ba') in 0.042126 seconds 
========================================================================
Received Import Request.
  Time since last request: 0.000030 seconds.
  path: Assets/Assets/IMG/Pingüino.png
  artifactKey: Guid(30c503e402c2148479d9af56ec8aa3f9) Importer(815301076,1909f56bfc062723c751e8b465ee728b)
Start importing Assets/Assets/IMG/Pingüino.png using Guid(30c503e402c2148479d9af56ec8aa3f9) Importer(815301076,1909f56bfc062723c751e8b465ee728b)  -> (artifact id: '6ad48fc728acdbcd7771ce0307aac85f') in 0.065644 seconds 
========================================================================
Received Import Request.
  Time since last request: 0.000030 seconds.
  path: Assets/AurynSky/WinterArena/Prefabs/Trees/WinterTreePineShort_x2.prefab
  artifactKey: Guid(88a9a6b9fc80bee41a08daf2099bcfe4) Importer(815301076,1909f56bfc062723c751e8b465ee728b)
Start importing Assets/AurynSky/WinterArena/Prefabs/Trees/WinterTreePineShort_x2.prefab using Guid(88a9a6b9fc80bee41a08daf2099bcfe4) Importer(815301076,1909f56bfc062723c751e8b465ee728b)  -> (artifact id: '019984d4d3935036ba7209889d9159cc') in 0.033534 seconds 
========================================================================
Received Import Request.
  Time since last request: 0.000028 seconds.
  path: Assets/AurynSky/WinterArena/Prefabs/Trees/WinterIceTreePineShort.prefab
  artifactKey: Guid(8b591bb8c79cc4749bceeadcf6f0e73a) Importer(815301076,1909f56bfc062723c751e8b465ee728b)
Start importing Assets/AurynSky/WinterArena/Prefabs/Trees/WinterIceTreePineShort.prefab using Guid(8b591bb8c79cc4749bceeadcf6f0e73a) Importer(815301076,1909f56bfc062723c751e8b465ee728b)  -> (artifact id: 'e10f6cb1001be75b4771d848953bbda7') in 0.033011 seconds 
========================================================================
Received Import Request.
  Time since last request: 0.000027 seconds.
  path: Assets/Snowy_Low_Poly_Trees/Pine_NoSnow3.prefab
  artifactKey: Guid(3f9bc1a85199f7440a7dc65376e90332) Importer(815301076,1909f56bfc062723c751e8b465ee728b)
Start importing Assets/Snowy_Low_Poly_Trees/Pine_NoSnow3.prefab using Guid(3f9bc1a85199f7440a7dc65376e90332) Importer(815301076,1909f56bfc062723c751e8b465ee728b)  -> (artifact id: 'b45680c1ca75f6f8cb9c81f00c36b824') in 0.029284 seconds 
========================================================================
Received Import Request.
  Time since last request: 0.000027 seconds.
  path: Assets/AurynSky/WinterArena/Prefabs/Trees/WinterIceTreePineTall_x2.prefab
  artifactKey: Guid(16f049e2d9722d24986e310f91ff68c6) Importer(815301076,1909f56bfc062723c751e8b465ee728b)
Start importing Assets/AurynSky/WinterArena/Prefabs/Trees/WinterIceTreePineTall_x2.prefab using Guid(16f049e2d9722d24986e310f91ff68c6) Importer(815301076,1909f56bfc062723c751e8b465ee728b)  -> (artifact id: '694f95d2c3f1aae67a786d5bb0ad37cb') in 0.024642 seconds 
========================================================================
Received Import Request.
  Time since last request: 0.000031 seconds.
  path: Assets/Snowy_Low_Poly_Trees/Models/Snowy_Low_Poly_Trees.fbx
  artifactKey: Guid(e6ec39770b6dbe04f9cbd7ea19e0c7ef) Importer(815301076,1909f56bfc062723c751e8b465ee728b)
Start importing Assets/Snowy_Low_Poly_Trees/Models/Snowy_Low_Poly_Trees.fbx using Guid(e6ec39770b6dbe04f9cbd7ea19e0c7ef) Importer(815301076,1909f56bfc062723c751e8b465ee728b)  -> (artifact id: '122e9301cfb1b6ce3e91b25b125f75de') in 0.124152 seconds 
========================================================================
Received Import Request.
  Time since last request: 0.000040 seconds.
  path: Assets/Assets/IMG/Stickers nivel 1 PINO.png
  artifactKey: Guid(fe0ec4b8d6c2a9b4d90f0b896e01eff6) Importer(815301076,1909f56bfc062723c751e8b465ee728b)
Start importing Assets/Assets/IMG/Stickers nivel 1 PINO.png using Guid(fe0ec4b8d6c2a9b4d90f0b896e01eff6) Importer(815301076,1909f56bfc062723c751e8b465ee728b)  -> (artifact id: '89f4dc86dd7616f88a8581acbd693811') in 0.181088 seconds 
========================================================================
Received Prepare
Registering precompiled user dll's ...
Registered in 0.000639 seconds.
Begin MonoManager ReloadAssembly
Native extension for WindowsStandalone target not found
Refreshing native plugins compatible for Editor in 0.52 ms, found 0 plugins.
Preloading 0 native plugins for Editor in 0.00 ms.
Mono: successfully reloaded assembly
- Completed reload, in  1.108 seconds
Domain Reload Profiling:
	ReloadAssembly (1109ms)
		BeginReloadAssembly (181ms)
			ExecutionOrderSort (0ms)
			DisableScriptedObjects (6ms)
			BackupInstance (0ms)
			ReleaseScriptingObjects (0ms)
			CreateAndSetChildDomain (34ms)
		EndReloadAssembly (766ms)
			LoadAssemblies (114ms)
			RebuildTransferFunctionScriptingTraits (0ms)
			SetupTypeCache (214ms)
			ReleaseScriptCaches (1ms)
			RebuildScriptCaches (52ms)
			SetupLoadedEditorAssemblies (344ms)
				LogAssemblyErrors (0ms)
				InitializePlatformSupportModulesInManaged (19ms)
				SetLoadedEditorAssemblies (1ms)
				RefreshPlugins (1ms)
				BeforeProcessingInitializeOnLoad (67ms)
				ProcessInitializeOnLoadAttributes (204ms)
				ProcessInitializeOnLoadMethodAttributes (38ms)
				AfterProcessingInitializeOnLoad (14ms)
				EditorAssembliesLoaded (0ms)
			ExecutionOrderSort2 (0ms)
			AwakeInstancesAfterBackupRestoration (10ms)
Platform modules already initialized, skipping
Refreshing native plugins compatible for Editor in 0.56 ms, found 0 plugins.
Preloading 0 native plugins for Editor in 0.00 ms.
Unloading 1082 Unused Serialized files (Serialized files now loaded: 0)
Unloading 2 unused Assets / (24.6 KB). Loaded Objects now: 1664.
Memory consumption went from 86.8 MB to 86.8 MB.
Total: 3.918600 ms (FindLiveObjects: 0.193400 ms CreateObjectMapping: 0.116000 ms MarkObjects: 3.583600 ms  DeleteObjects: 0.023900 ms)

AssetImportParameters requested are different than current active one (requested -> active):
  custom:video-decoder-ogg-theora: a1e56fd34408186e4bbccfd4996cb3dc -> 
  custom:container-muxer-webm: aa71ff27fc2769a1b78a27578f13a17b -> 
  custom:container-demuxer-webm: 4f35f7cbe854078d1ac9338744f61a02 -> 
  custom:video-encoder-webm-vp8: eb34c28f22e8b96e1ab97ce403110664 -> 
  custom:audio-encoder-webm-vorbis: bf7c407c2cedff20999df2af8eb42d56 -> 
  custom:framework-win-MediaFoundation: 216162199b28c13a410421893ffa2e32 -> 
  custom:container-demuxer-ogg: 62fdf1f143b41e24485cea50d1cbac27 -> 
  custom:video-decoder-webm-vp8: 9c59270c3fd7afecdb556c50c9e8de78 -> 
  custom:audio-decoder-ogg-vorbis: bf7c407c2cedff20999df2af8eb42d56 -> 
========================================================================
Received Prepare
Registering precompiled user dll's ...
Registered in 0.000498 seconds.
Begin MonoManager ReloadAssembly
Native extension for WindowsStandalone target not found
Refreshing native plugins compatible for Editor in 0.32 ms, found 0 plugins.
Preloading 0 native plugins for Editor in 0.00 ms.
Mono: successfully reloaded assembly
- Completed reload, in  1.201 seconds
Domain Reload Profiling:
	ReloadAssembly (1202ms)
		BeginReloadAssembly (209ms)
			ExecutionOrderSort (0ms)
			DisableScriptedObjects (15ms)
			BackupInstance (0ms)
			ReleaseScriptingObjects (0ms)
			CreateAndSetChildDomain (33ms)
		EndReloadAssembly (824ms)
			LoadAssemblies (133ms)
			RebuildTransferFunctionScriptingTraits (0ms)
			SetupTypeCache (205ms)
			ReleaseScriptCaches (1ms)
			RebuildScriptCaches (47ms)
			SetupLoadedEditorAssemblies (393ms)
				LogAssemblyErrors (0ms)
				InitializePlatformSupportModulesInManaged (20ms)
				SetLoadedEditorAssemblies (1ms)
				RefreshPlugins (0ms)
				BeforeProcessingInitializeOnLoad (58ms)
				ProcessInitializeOnLoadAttributes (255ms)
				ProcessInitializeOnLoadMethodAttributes (42ms)
				AfterProcessingInitializeOnLoad (16ms)
				EditorAssembliesLoaded (0ms)
			ExecutionOrderSort2 (0ms)
			AwakeInstancesAfterBackupRestoration (14ms)
Platform modules already initialized, skipping
Refreshing native plugins compatible for Editor in 0.85 ms, found 0 plugins.
Preloading 0 native plugins for Editor in 0.00 ms.
Unloading 1082 Unused Serialized files (Serialized files now loaded: 0)
Unloading 2 unused Assets / (24.6 KB). Loaded Objects now: 1667.
Memory consumption went from 86.8 MB to 86.8 MB.
Total: 8.553900 ms (FindLiveObjects: 0.249500 ms CreateObjectMapping: 0.143600 ms MarkObjects: 8.132200 ms  DeleteObjects: 0.026600 ms)

AssetImportParameters requested are different than current active one (requested -> active):
  custom:video-decoder-ogg-theora: a1e56fd34408186e4bbccfd4996cb3dc -> 
  custom:container-muxer-webm: aa71ff27fc2769a1b78a27578f13a17b -> 
  custom:container-demuxer-webm: 4f35f7cbe854078d1ac9338744f61a02 -> 
  custom:video-encoder-webm-vp8: eb34c28f22e8b96e1ab97ce403110664 -> 
  custom:audio-encoder-webm-vorbis: bf7c407c2cedff20999df2af8eb42d56 -> 
  custom:framework-win-MediaFoundation: 216162199b28c13a410421893ffa2e32 -> 
  custom:container-demuxer-ogg: 62fdf1f143b41e24485cea50d1cbac27 -> 
  custom:video-decoder-webm-vp8: 9c59270c3fd7afecdb556c50c9e8de78 -> 
  custom:audio-decoder-ogg-vorbis: bf7c407c2cedff20999df2af8eb42d56 -> 
========================================================================
Received Prepare
Refreshing native plugins compatible for Editor in 0.77 ms, found 0 plugins.
Preloading 0 native plugins for Editor in 0.00 ms.
Unloading 2 Unused Serialized files (Serialized files now loaded: 0)
Unloading 2 unused Assets / (4.4 KB). Loaded Objects now: 1667.
Memory consumption went from 65.1 MB to 65.0 MB.
Total: 3.387000 ms (FindLiveObjects: 0.156100 ms CreateObjectMapping: 0.050300 ms MarkObjects: 3.156100 ms  DeleteObjects: 0.022700 ms)

AssetImportParameters requested are different than current active one (requested -> active):
  custom:video-decoder-ogg-theora: a1e56fd34408186e4bbccfd4996cb3dc -> 
  custom:container-muxer-webm: aa71ff27fc2769a1b78a27578f13a17b -> 
  custom:container-demuxer-webm: 4f35f7cbe854078d1ac9338744f61a02 -> 
  custom:video-encoder-webm-vp8: eb34c28f22e8b96e1ab97ce403110664 -> 
  custom:audio-encoder-webm-vorbis: bf7c407c2cedff20999df2af8eb42d56 -> 
  custom:framework-win-MediaFoundation: 216162199b28c13a410421893ffa2e32 -> 
  custom:container-demuxer-ogg: 62fdf1f143b41e24485cea50d1cbac27 -> 
  custom:video-decoder-webm-vp8: 9c59270c3fd7afecdb556c50c9e8de78 -> 
  custom:audio-decoder-ogg-vorbis: bf7c407c2cedff20999df2af8eb42d56 -> 
