Using pre-set license
Built from '2020.3/staging' branch; Version is '2020.3.9f1 (108be757e447) revision 1084391'; Using compiler version '192528614'; Build Type 'Release'
OS: 'Windows 10 Home Single Language; OS build 22000.168; Version 2009; 64bit' Language: 'en' Physical Memory: 16253 MB
BatchMode: 1, IsHumanControllingUs: 0, StartBugReporterOnCrash: 0, Is64bit: 1, IsPro: 0

 COMMAND LINE ARGUMENTS:
C:\Program Files\Unity\Hub\Editor\2020.3.9f1\Editor\Unity.exe
-adb2
-batchMode
-noUpm
-name
AssetImportWorker0
-projectPath
C:/Users/Hana897TRX/Documents/University/Tec/Servicio Social/Nimrod/Proyecto Sakura
-logFile
Logs/AssetImportWorker0.log
-srvPort
65533
Successfully changed project path to: C:/Users/Hana897TRX/Documents/University/Tec/Servicio Social/Nimrod/Proyecto Sakura
C:/Users/Hana897TRX/Documents/University/Tec/Servicio Social/Nimrod/Proyecto Sakura
Using Asset Import Pipeline V2.
Refreshing native plugins compatible for Editor in 49.92 ms, found 0 plugins.
Preloading 0 native plugins for Editor in 0.00 ms.
Initialize engine version: 2020.3.9f1 (108be757e447)
[Subsystems] Discovering subsystems at path C:/Program Files/Unity/Hub/Editor/2020.3.9f1/Editor/Data/Resources/UnitySubsystems
[Subsystems] Discovering subsystems at path C:/Users/Hana897TRX/Documents/University/Tec/Servicio Social/Nimrod/Proyecto Sakura/Assets
GfxDevice: creating device client; threaded=0
Direct3D:
    Version:  Direct3D 11.0 [level 11.1]
    Renderer: NVIDIA GeForce GTX 1060 (ID=0x1c60)
    Vendor:   
    VRAM:     6052 MB
    Driver:   30.0.14.7141
Initialize mono
Mono path[0] = 'C:/Program Files/Unity/Hub/Editor/2020.3.9f1/Editor/Data/Managed'
Mono path[1] = 'C:/Program Files/Unity/Hub/Editor/2020.3.9f1/Editor/Data/MonoBleedingEdge/lib/mono/unityjit'
Mono config path = 'C:/Program Files/Unity/Hub/Editor/2020.3.9f1/Editor/Data/MonoBleedingEdge/etc'
Using monoOptions --debugger-agent=transport=dt_socket,embedding=1,server=y,suspend=n,address=127.0.0.1:56096
Begin MonoManager ReloadAssembly
Registering precompiled unity dll's ...
Register platform support module: C:/Program Files/Unity/Hub/Editor/2020.3.9f1/Editor/Data/PlaybackEngines/WindowsStandaloneSupport/UnityEditor.WindowsStandalone.Extensions.dll
Registered in 0.004320 seconds.
Native extension for WindowsStandalone target not found
Refreshing native plugins compatible for Editor in 52.24 ms, found 0 plugins.
Preloading 0 native plugins for Editor in 0.00 ms.
Mono: successfully reloaded assembly
- Completed reload, in  2.634 seconds
Platform modules already initialized, skipping
Registering precompiled user dll's ...
Registered in 0.001383 seconds.
Begin MonoManager ReloadAssembly
Native extension for WindowsStandalone target not found
Refreshing native plugins compatible for Editor in 46.92 ms, found 0 plugins.
Preloading 0 native plugins for Editor in 0.00 ms.
Mono: successfully reloaded assembly
- Completed reload, in  1.678 seconds
Platform modules already initialized, skipping
========================================================================
Worker process is ready to serve import requests
Launched and connected shader compiler UnityShaderCompiler.exe after 0.11 seconds
Refreshing native plugins compatible for Editor in 0.46 ms, found 0 plugins.
Preloading 0 native plugins for Editor in 0.00 ms.
Unloading 1137 Unused Serialized files (Serialized files now loaded: 0)
System memory in use before: 72.2 MB.
System memory in use after: 72.2 MB.

Unloading 9 unused Assets to reduce memory usage. Loaded Objects now: 1595.
Total: 2.441800 ms (FindLiveObjects: 0.184600 ms CreateObjectMapping: 0.053100 ms MarkObjects: 2.103700 ms  DeleteObjects: 0.099000 ms)

========================================================================
Received Import Request.
  path: Assets/Assets/Chunks
  artifactKey: Guid(cce27b9e6eb16be48900d82f2a5d7f0e) Importer(815301076,1909f56bfc062723c751e8b465ee728b)
Start importing Assets/Assets/Chunks using Guid(cce27b9e6eb16be48900d82f2a5d7f0e) Importer(815301076,1909f56bfc062723c751e8b465ee728b)  -> (artifact id: '88c1a743abd095181dd0b09d9951a8b8') in 0.021874 seconds
  Import took 0.025047 seconds .

========================================================================
Received Import Request.
  Time since last request: 44.529638 seconds.
  path: Assets/Scripts
  artifactKey: Guid(7492cd9e4a8c3cd48bca640c189362b5) Importer(815301076,1909f56bfc062723c751e8b465ee728b)
Start importing Assets/Scripts using Guid(7492cd9e4a8c3cd48bca640c189362b5) Importer(815301076,1909f56bfc062723c751e8b465ee728b)  -> (artifact id: '304b6f95c9b09c8684a943614040920f') in 0.021323 seconds
  Import took 0.024757 seconds .

========================================================================
Received Import Request.
  Time since last request: 9.316480 seconds.
  path: Assets/Scripts/EventManager.cs
  artifactKey: Guid(8769398a6aa830c45af5278085234eec) Importer(815301076,1909f56bfc062723c751e8b465ee728b)
Start importing Assets/Scripts/EventManager.cs using Guid(8769398a6aa830c45af5278085234eec) Importer(815301076,1909f56bfc062723c751e8b465ee728b)  -> (artifact id: '1d6c08d9e01ae56579ea169101d9726d') in 0.121383 seconds
  Import took 0.127100 seconds .

========================================================================
Received Prepare
Registering precompiled user dll's ...
Registered in 0.001939 seconds.
Begin MonoManager ReloadAssembly
Native extension for WindowsStandalone target not found
Refreshing native plugins compatible for Editor in 0.41 ms, found 0 plugins.
Preloading 0 native plugins for Editor in 0.00 ms.
Mono: successfully reloaded assembly
- Completed reload, in  1.659 seconds
Platform modules already initialized, skipping
Refreshing native plugins compatible for Editor in 0.50 ms, found 0 plugins.
Preloading 0 native plugins for Editor in 0.00 ms.
Unloading 1130 Unused Serialized files (Serialized files now loaded: 0)
System memory in use before: 71.8 MB.
System memory in use after: 71.9 MB.

Unloading 4 unused Assets to reduce memory usage. Loaded Objects now: 1598.
Total: 2.624400 ms (FindLiveObjects: 0.197400 ms CreateObjectMapping: 0.051100 ms MarkObjects: 2.331400 ms  DeleteObjects: 0.042900 ms)

========================================================================
Received Prepare
Registering precompiled user dll's ...
Registered in 0.001515 seconds.
Begin MonoManager ReloadAssembly
Native extension for WindowsStandalone target not found
Refreshing native plugins compatible for Editor in 0.41 ms, found 0 plugins.
Preloading 0 native plugins for Editor in 0.00 ms.
Mono: successfully reloaded assembly
- Completed reload, in  2.038 seconds
Platform modules already initialized, skipping
Refreshing native plugins compatible for Editor in 0.37 ms, found 0 plugins.
Preloading 0 native plugins for Editor in 0.00 ms.
Unloading 1130 Unused Serialized files (Serialized files now loaded: 0)
System memory in use before: 71.9 MB.
System memory in use after: 72.0 MB.

Unloading 4 unused Assets to reduce memory usage. Loaded Objects now: 1600.
Total: 2.595100 ms (FindLiveObjects: 0.187200 ms CreateObjectMapping: 0.061600 ms MarkObjects: 2.288200 ms  DeleteObjects: 0.056300 ms)

========================================================================
Received Prepare
Registering precompiled user dll's ...
Registered in 0.001576 seconds.
Begin MonoManager ReloadAssembly
Native extension for WindowsStandalone target not found
Refreshing native plugins compatible for Editor in 0.73 ms, found 0 plugins.
Preloading 0 native plugins for Editor in 0.00 ms.
Mono: successfully reloaded assembly
- Completed reload, in  3.295 seconds
Platform modules already initialized, skipping
Refreshing native plugins compatible for Editor in 0.38 ms, found 0 plugins.
Preloading 0 native plugins for Editor in 0.00 ms.
Unloading 1143 Unused Serialized files (Serialized files now loaded: 0)
System memory in use before: 74.0 MB.
System memory in use after: 73.4 MB.

Unloading 17 unused Assets to reduce memory usage. Loaded Objects now: 1602.
Total: 3.241100 ms (FindLiveObjects: 0.270900 ms CreateObjectMapping: 0.105100 ms MarkObjects: 2.304100 ms  DeleteObjects: 0.558600 ms)

========================================================================
Received Prepare
Registering precompiled user dll's ...
Registered in 0.022548 seconds.
Begin MonoManager ReloadAssembly
Native extension for WindowsStandalone target not found
Refreshing native plugins compatible for Editor in 0.41 ms, found 0 plugins.
Preloading 0 native plugins for Editor in 0.00 ms.
Mono: successfully reloaded assembly
- Completed reload, in  2.917 seconds
Platform modules already initialized, skipping
Refreshing native plugins compatible for Editor in 0.85 ms, found 0 plugins.
Preloading 0 native plugins for Editor in 0.00 ms.
Unloading 1143 Unused Serialized files (Serialized files now loaded: 0)
System memory in use before: 74.0 MB.
System memory in use after: 73.5 MB.

Unloading 17 unused Assets to reduce memory usage. Loaded Objects now: 1604.
Total: 3.888600 ms (FindLiveObjects: 0.224900 ms CreateObjectMapping: 0.075000 ms MarkObjects: 2.889600 ms  DeleteObjects: 0.696800 ms)

========================================================================
Received Prepare
Registering precompiled user dll's ...
Registered in 0.002987 seconds.
Begin MonoManager ReloadAssembly
Native extension for WindowsStandalone target not found
Refreshing native plugins compatible for Editor in 0.40 ms, found 0 plugins.
Preloading 0 native plugins for Editor in 0.00 ms.
Mono: successfully reloaded assembly
- Completed reload, in  2.895 seconds
Platform modules already initialized, skipping
Refreshing native plugins compatible for Editor in 1.53 ms, found 0 plugins.
Preloading 0 native plugins for Editor in 0.00 ms.
Unloading 1143 Unused Serialized files (Serialized files now loaded: 0)
System memory in use before: 74.0 MB.
System memory in use after: 73.5 MB.

Unloading 17 unused Assets to reduce memory usage. Loaded Objects now: 1606.
Total: 3.125800 ms (FindLiveObjects: 0.235200 ms CreateObjectMapping: 0.058600 ms MarkObjects: 2.195600 ms  DeleteObjects: 0.634200 ms)

========================================================================
Received Prepare
Registering precompiled user dll's ...
Registered in 0.003323 seconds.
Begin MonoManager ReloadAssembly
Native extension for WindowsStandalone target not found
Refreshing native plugins compatible for Editor in 0.35 ms, found 0 plugins.
Preloading 0 native plugins for Editor in 0.00 ms.
Mono: successfully reloaded assembly
- Completed reload, in  2.947 seconds
Platform modules already initialized, skipping
Refreshing native plugins compatible for Editor in 0.38 ms, found 0 plugins.
Preloading 0 native plugins for Editor in 0.00 ms.
Unloading 1143 Unused Serialized files (Serialized files now loaded: 0)
System memory in use before: 74.0 MB.
System memory in use after: 73.5 MB.

Unloading 17 unused Assets to reduce memory usage. Loaded Objects now: 1608.
Total: 3.302400 ms (FindLiveObjects: 0.231300 ms CreateObjectMapping: 0.066300 ms MarkObjects: 2.533800 ms  DeleteObjects: 0.468800 ms)

========================================================================
Received Prepare
Registering precompiled user dll's ...
Registered in 0.002029 seconds.
Begin MonoManager ReloadAssembly
Native extension for WindowsStandalone target not found
Refreshing native plugins compatible for Editor in 0.35 ms, found 0 plugins.
Preloading 0 native plugins for Editor in 0.00 ms.
Mono: successfully reloaded assembly
- Completed reload, in  2.021 seconds
Platform modules already initialized, skipping
Refreshing native plugins compatible for Editor in 0.57 ms, found 0 plugins.
Preloading 0 native plugins for Editor in 0.00 ms.
Unloading 1143 Unused Serialized files (Serialized files now loaded: 0)
System memory in use before: 74.0 MB.
System memory in use after: 73.5 MB.

Unloading 17 unused Assets to reduce memory usage. Loaded Objects now: 1610.
Total: 2.896600 ms (FindLiveObjects: 0.199900 ms CreateObjectMapping: 0.050600 ms MarkObjects: 2.063500 ms  DeleteObjects: 0.580600 ms)

========================================================================
Received Prepare
Registering precompiled user dll's ...
Registered in 0.001703 seconds.
Begin MonoManager ReloadAssembly
Native extension for WindowsStandalone target not found
Refreshing native plugins compatible for Editor in 0.65 ms, found 0 plugins.
Preloading 0 native plugins for Editor in 0.00 ms.
Mono: successfully reloaded assembly
- Completed reload, in  2.890 seconds
Platform modules already initialized, skipping
Refreshing native plugins compatible for Editor in 0.74 ms, found 0 plugins.
Preloading 0 native plugins for Editor in 0.00 ms.
Unloading 1143 Unused Serialized files (Serialized files now loaded: 0)
System memory in use before: 74.0 MB.
System memory in use after: 73.5 MB.

Unloading 17 unused Assets to reduce memory usage. Loaded Objects now: 1612.
Total: 3.812600 ms (FindLiveObjects: 0.189000 ms CreateObjectMapping: 0.051200 ms MarkObjects: 3.024900 ms  DeleteObjects: 0.545600 ms)

========================================================================
Received Prepare
Registering precompiled user dll's ...
Registered in 0.002447 seconds.
Begin MonoManager ReloadAssembly
Native extension for WindowsStandalone target not found
Refreshing native plugins compatible for Editor in 0.35 ms, found 0 plugins.
Preloading 0 native plugins for Editor in 0.00 ms.
Mono: successfully reloaded assembly
- Completed reload, in  2.232 seconds
Platform modules already initialized, skipping
Refreshing native plugins compatible for Editor in 0.38 ms, found 0 plugins.
Preloading 0 native plugins for Editor in 0.00 ms.
Unloading 1143 Unused Serialized files (Serialized files now loaded: 0)
System memory in use before: 74.0 MB.
System memory in use after: 73.5 MB.

Unloading 17 unused Assets to reduce memory usage. Loaded Objects now: 1614.
Total: 3.149600 ms (FindLiveObjects: 0.175200 ms CreateObjectMapping: 0.052000 ms MarkObjects: 2.392500 ms  DeleteObjects: 0.528000 ms)

========================================================================
Received Import Request.
  Time since last request: 1585.173214 seconds.
  path: Assets/Assets/IMG/Nivel 1 texturas.png
  artifactKey: Guid(c688997194c00294d8a455717127ebaf) Importer(815301076,1909f56bfc062723c751e8b465ee728b)
Start importing Assets/Assets/IMG/Nivel 1 texturas.png using Guid(c688997194c00294d8a455717127ebaf) Importer(815301076,1909f56bfc062723c751e8b465ee728b)  -> (artifact id: 'af956baebc7a2855d7a1c1d85459850a') in 0.646080 seconds
  Import took 0.650031 seconds .

========================================================================
Received Import Request.
  Time since last request: 0.000617 seconds.
  path: Assets/Assets/IMG/Stickers nivel 1 ARBOL.png
  artifactKey: Guid(76fff6ad0a3c7a24aa6e1da51b26cf45) Importer(815301076,1909f56bfc062723c751e8b465ee728b)
Start importing Assets/Assets/IMG/Stickers nivel 1 ARBOL.png using Guid(76fff6ad0a3c7a24aa6e1da51b26cf45) Importer(815301076,1909f56bfc062723c751e8b465ee728b)  -> (artifact id: '7b76b7d514e9a81a306ccb624ee8f76b') in 0.095044 seconds
  Import took 0.100141 seconds .

========================================================================
Received Import Request.
  Time since last request: 0.001128 seconds.
  path: Assets/Assets/IMG/Niño de espaldas.png
  artifactKey: Guid(6c5c86d2961d44b49bcb64c8202d3326) Importer(815301076,1909f56bfc062723c751e8b465ee728b)
Start importing Assets/Assets/IMG/Niño de espaldas.png using Guid(6c5c86d2961d44b49bcb64c8202d3326) Importer(815301076,1909f56bfc062723c751e8b465ee728b)  -> (artifact id: '046d363ad62a6554cf43338f0696d4a5') in 0.106389 seconds
  Import took 0.115781 seconds .

========================================================================
Received Import Request.
  Time since last request: 0.000457 seconds.
  path: Assets/Assets/IMG/Stickers nivel 1 Arbusto.png
  artifactKey: Guid(2e8cf40fad15af243b09b17cb21c7824) Importer(815301076,1909f56bfc062723c751e8b465ee728b)
Start importing Assets/Assets/IMG/Stickers nivel 1 Arbusto.png using Guid(2e8cf40fad15af243b09b17cb21c7824) Importer(815301076,1909f56bfc062723c751e8b465ee728b)  -> (artifact id: '35fa686b761547228e3ffcbb5c6ae928') in 0.074762 seconds
  Import took 0.080275 seconds .

========================================================================
Received Import Request.
  Time since last request: 0.001499 seconds.
  path: Assets/Assets/IMG/Stickers nivel 1 PERRO ESPACIAL.png
  artifactKey: Guid(7eee2a1da2e8d384caad674d4eab57cc) Importer(815301076,1909f56bfc062723c751e8b465ee728b)
Start importing Assets/Assets/IMG/Stickers nivel 1 PERRO ESPACIAL.png using Guid(7eee2a1da2e8d384caad674d4eab57cc) Importer(815301076,1909f56bfc062723c751e8b465ee728b)  -> (artifact id: '10de909492e0e7f00a771649bab65e06') in 0.078182 seconds
  Import took 0.084564 seconds .

========================================================================
Received Import Request.
  Time since last request: 0.000653 seconds.
  path: Assets/Assets/IMG/Stickers nivel 1 PINO.png
  artifactKey: Guid(fe0ec4b8d6c2a9b4d90f0b896e01eff6) Importer(815301076,1909f56bfc062723c751e8b465ee728b)
Start importing Assets/Assets/IMG/Stickers nivel 1 PINO.png using Guid(fe0ec4b8d6c2a9b4d90f0b896e01eff6) Importer(815301076,1909f56bfc062723c751e8b465ee728b)  -> (artifact id: 'c3ff90bb0e875e5abc911a31b36aa63d') in 0.075183 seconds
  Import took 0.082603 seconds .

========================================================================
Received Import Request.
  Time since last request: 1.014068 seconds.
  path: Assets/Assets.index
  artifactKey: Guid(2469c3e002c3ca942adea25d68019cbd) Importer(815301076,1909f56bfc062723c751e8b465ee728b)
Start importing Assets/Assets.index using Guid(2469c3e002c3ca942adea25d68019cbd) Importer(815301076,1909f56bfc062723c751e8b465ee728b)  -> (artifact id: 'c76a0e82225472991d790bfec3ee0a3a') in 0.129845 seconds
  Import took 0.134330 seconds .

========================================================================
Received Import Request.
  Time since last request: 19.012519 seconds.
  path: Assets/Assets/IMG/Materials/Stickers nivel 1 Arbusto.mat
  artifactKey: Guid(bc63039c26537e543a699dc0cb6e5b36) Importer(815301076,1909f56bfc062723c751e8b465ee728b)
Start importing Assets/Assets/IMG/Materials/Stickers nivel 1 Arbusto.mat using Guid(bc63039c26537e543a699dc0cb6e5b36) Importer(815301076,1909f56bfc062723c751e8b465ee728b)  -> (artifact id: '1e63baff4c355338e0cd096d5591e889') in 0.133121 seconds
  Import took 0.137243 seconds .

========================================================================
Received Import Request.
  Time since last request: 51.328686 seconds.
  path: Assets/Assets/Materials/New Material.mat
  artifactKey: Guid(487aeaca30fcde64787ed590474dcca1) Importer(815301076,1909f56bfc062723c751e8b465ee728b)
Start importing Assets/Assets/Materials/New Material.mat using Guid(487aeaca30fcde64787ed590474dcca1) Importer(815301076,1909f56bfc062723c751e8b465ee728b)  -> (artifact id: '922643cc217cca55e0958156342b621a') in 0.077586 seconds
  Import took 0.084408 seconds .

========================================================================
Received Import Request.
  Time since last request: 5.201287 seconds.
  path: Assets/Games/ControllerOsu.prefab
  artifactKey: Guid(e5cb487ddcfa2b94d94c2e67d97ba110) Importer(815301076,1909f56bfc062723c751e8b465ee728b)
Start importing Assets/Games/ControllerOsu.prefab using Guid(e5cb487ddcfa2b94d94c2e67d97ba110) Importer(815301076,1909f56bfc062723c751e8b465ee728b)  -> (artifact id: '0c9d6cb67f6671aa5041ca4f9985164b') in 0.105972 seconds
  Import took 0.112865 seconds .

========================================================================
Received Import Request.
  Time since last request: 0.000892 seconds.
  path: Assets/Games/SaimonSaysController.prefab
  artifactKey: Guid(b385a38de866afc41a9c2ebf3676749f) Importer(815301076,1909f56bfc062723c751e8b465ee728b)
Start importing Assets/Games/SaimonSaysController.prefab using Guid(b385a38de866afc41a9c2ebf3676749f) Importer(815301076,1909f56bfc062723c751e8b465ee728b)  -> (artifact id: '4dd98b2c179bd2f29c33eca31c2b13ae') in 0.160259 seconds
  Import took 0.165947 seconds .

AssetImportWorkerClient::OnTransportError - code=2 error=End of file
