Using pre-set license
Built from '2020.3/staging' branch; Version is '2020.3.26f1 (7298b473bc1a) revision 7510196'; Using compiler version '192528614'; Build Type 'Release'
OS: 'Windows 11  (10.0.22000) 64bit Education' Language: 'en' Physical Memory: 32677 MB
BatchMode: 1, IsHumanControllingUs: 0, StartBugReporterOnCrash: 0, Is64bit: 1, IsPro: 0

COMMAND LINE ARGUMENTS:
C:\Program Files\Unity\Hub\Editor\2020.3.26f1\Editor\Unity.exe
-adb2
-batchMode
-noUpm
-name
AssetImportWorker0
-projectPath
C:/Users/Gabriela Fernanda/Documents/University/Praticas/Kenny/Unity-Kenny
-logFile
Logs/AssetImportWorker0.log
-srvPort
61022
Successfully changed project path to: C:/Users/Gabriela Fernanda/Documents/University/Praticas/Kenny/Unity-Kenny
C:/Users/Gabriela Fernanda/Documents/University/Praticas/Kenny/Unity-Kenny
Using Asset Import Pipeline V2.
Refreshing native plugins compatible for Editor in 31.23 ms, found 0 plugins.
Preloading 0 native plugins for Editor in 0.00 ms.
Initialize engine version: 2020.3.26f1 (7298b473bc1a)
[Subsystems] Discovering subsystems at path C:/Program Files/Unity/Hub/Editor/2020.3.26f1/Editor/Data/Resources/UnitySubsystems
[Subsystems] Discovering subsystems at path C:/Users/Gabriela Fernanda/Documents/University/Praticas/Kenny/Unity-Kenny/Assets
GfxDevice: creating device client; threaded=0
Direct3D:
    Version:  Direct3D 11.0 [level 11.1]
    Renderer: NVIDIA GeForce RTX 3060 (ID=0x2504)
    Vendor:   
    VRAM:     12142 MB
    Driver:   30.0.15.1179
Initialize mono
Mono path[0] = 'C:/Program Files/Unity/Hub/Editor/2020.3.26f1/Editor/Data/Managed'
Mono path[1] = 'C:/Program Files/Unity/Hub/Editor/2020.3.26f1/Editor/Data/MonoBleedingEdge/lib/mono/unityjit'
Mono config path = 'C:/Program Files/Unity/Hub/Editor/2020.3.26f1/Editor/Data/MonoBleedingEdge/etc'
Using monoOptions --debugger-agent=transport=dt_socket,embedding=1,server=y,suspend=n,address=127.0.0.1:56288
Begin MonoManager ReloadAssembly
Registering precompiled unity dll's ...
Register platform support module: C:/Program Files/Unity/Hub/Editor/2020.3.26f1/Editor/Data/PlaybackEngines/WebGLSupport/UnityEditor.WebGL.Extensions.dll
Register platform support module: C:/Program Files/Unity/Hub/Editor/2020.3.26f1/Editor/Data/PlaybackEngines/WindowsStandaloneSupport/UnityEditor.WindowsStandalone.Extensions.dll
Registered in 0.002266 seconds.
Native extension for WindowsStandalone target not found
Native extension for WebGL target not found
Refreshing native plugins compatible for Editor in 32.46 ms, found 0 plugins.
Preloading 0 native plugins for Editor in 0.00 ms.
Mono: successfully reloaded assembly
- Completed reload, in  0.576 seconds
Domain Reload Profiling:
	ReloadAssembly (576ms)
		BeginReloadAssembly (55ms)
			ExecutionOrderSort (0ms)
			DisableScriptedObjects (0ms)
			BackupInstance (0ms)
			ReleaseScriptingObjects (0ms)
			CreateAndSetChildDomain (1ms)
		EndReloadAssembly (445ms)
			LoadAssemblies (52ms)
			RebuildTransferFunctionScriptingTraits (0ms)
			SetupTypeCache (154ms)
			ReleaseScriptCaches (0ms)
			RebuildScriptCaches (28ms)
			SetupLoadedEditorAssemblies (167ms)
				LogAssemblyErrors (0ms)
				InitializePlatformSupportModulesInManaged (5ms)
				SetLoadedEditorAssemblies (0ms)
				RefreshPlugins (33ms)
				BeforeProcessingInitializeOnLoad (9ms)
				ProcessInitializeOnLoadAttributes (90ms)
				ProcessInitializeOnLoadMethodAttributes (30ms)
				AfterProcessingInitializeOnLoad (0ms)
				EditorAssembliesLoaded (0ms)
			ExecutionOrderSort2 (0ms)
			AwakeInstancesAfterBackupRestoration (0ms)
Platform modules already initialized, skipping
Registering precompiled user dll's ...
Registered in 0.000776 seconds.
Begin MonoManager ReloadAssembly
Native extension for WindowsStandalone target not found
Native extension for WebGL target not found
Refreshing native plugins compatible for Editor in 0.26 ms, found 0 plugins.
Preloading 0 native plugins for Editor in 0.00 ms.
Mono: successfully reloaded assembly
- Completed reload, in  0.809 seconds
Domain Reload Profiling:
	ReloadAssembly (810ms)
		BeginReloadAssembly (149ms)
			ExecutionOrderSort (0ms)
			DisableScriptedObjects (5ms)
			BackupInstance (0ms)
			ReleaseScriptingObjects (0ms)
			CreateAndSetChildDomain (18ms)
		EndReloadAssembly (594ms)
			LoadAssemblies (81ms)
			RebuildTransferFunctionScriptingTraits (0ms)
			SetupTypeCache (193ms)
			ReleaseScriptCaches (0ms)
			RebuildScriptCaches (39ms)
			SetupLoadedEditorAssemblies (185ms)
				LogAssemblyErrors (0ms)
				InitializePlatformSupportModulesInManaged (6ms)
				SetLoadedEditorAssemblies (0ms)
				RefreshPlugins (0ms)
				BeforeProcessingInitializeOnLoad (51ms)
				ProcessInitializeOnLoadAttributes (114ms)
				ProcessInitializeOnLoadMethodAttributes (5ms)
				AfterProcessingInitializeOnLoad (8ms)
				EditorAssembliesLoaded (0ms)
			ExecutionOrderSort2 (0ms)
			AwakeInstancesAfterBackupRestoration (8ms)
Platform modules already initialized, skipping
========================================================================
Worker process is ready to serve import requests
Launched and connected shader compiler UnityShaderCompiler.exe after 0.05 seconds
Refreshing native plugins compatible for Editor in 0.31 ms, found 0 plugins.
Preloading 0 native plugins for Editor in 0.00 ms.
Unloading 1099 Unused Serialized files (Serialized files now loaded: 0)
System memory in use before: 73.3 MB.
System memory in use after: 73.3 MB.

Unloading 9 unused Assets to reduce memory usage. Loaded Objects now: 1562.
Total: 2.287800 ms (FindLiveObjects: 0.100500 ms CreateObjectMapping: 0.027200 ms MarkObjects: 2.097000 ms  DeleteObjects: 0.061800 ms)

AssetImportParameters requested are different than current active one (requested -> active):
  custom:framework-win-MediaFoundation: 216162199b28c13a410421893ffa2e32 -> 
  custom:video-decoder-ogg-theora: a1e56fd34408186e4bbccfd4996cb3dc -> 
  custom:container-muxer-webm: aa71ff27fc2769a1b78a27578f13a17b -> 
  custom:container-demuxer-webm: 4f35f7cbe854078d1ac9338744f61a02 -> 
  custom:container-demuxer-ogg: 62fdf1f143b41e24485cea50d1cbac27 -> 
  custom:video-encoder-webm-vp8: eb34c28f22e8b96e1ab97ce403110664 -> 
  custom:video-decoder-webm-vp8: 9c59270c3fd7afecdb556c50c9e8de78 -> 
  custom:audio-decoder-ogg-vorbis: bf7c407c2cedff20999df2af8eb42d56 -> 
  custom:audio-encoder-webm-vorbis: bf7c407c2cedff20999df2af8eb42d56 -> 
========================================================================
Received Import Request.
  path: Assets/Assets/Chunks/Level 1/Chunk_Forest_02.prefab
  artifactKey: Guid(dc62b04ca9314e141a442d8b837cf3a0) Importer(815301076,1909f56bfc062723c751e8b465ee728b)
Start importing Assets/Assets/Chunks/Level 1/Chunk_Forest_02.prefab using Guid(dc62b04ca9314e141a442d8b837cf3a0) Importer(815301076,1909f56bfc062723c751e8b465ee728b)  -> (artifact id: '82688d85d63e8c3923eaff17ea60a50f') in 0.137352 seconds 
  Import took 0.140220 seconds .

========================================================================
Received Import Request.
  Time since last request: 0.000224 seconds.
  path: Assets/Assets/Chunks/Level 1/Chunk_Forest_05.prefab
  artifactKey: Guid(9440f1bf0af363341bff94844da6cdd2) Importer(815301076,1909f56bfc062723c751e8b465ee728b)
Start importing Assets/Assets/Chunks/Level 1/Chunk_Forest_05.prefab using Guid(9440f1bf0af363341bff94844da6cdd2) Importer(815301076,1909f56bfc062723c751e8b465ee728b)  -> (artifact id: '5c55a54d38e33d7c84ba231dead5f9f4') in 0.042234 seconds 
  Import took 0.044726 seconds .

========================================================================
Received Import Request.
  Time since last request: 0.000194 seconds.
  path: Assets/Assets/Chunks/Level 1/Chunk_Forest_01.prefab
  artifactKey: Guid(ad58b779286d4e940917d38843eed905) Importer(815301076,1909f56bfc062723c751e8b465ee728b)
Start importing Assets/Assets/Chunks/Level 1/Chunk_Forest_01.prefab using Guid(ad58b779286d4e940917d38843eed905) Importer(815301076,1909f56bfc062723c751e8b465ee728b)  -> (artifact id: 'b2756c2dec5c77a097234c509d50d012') in 0.029139 seconds 
  Import took 0.031706 seconds .

========================================================================
Received Import Request.
  Time since last request: 0.000179 seconds.
  path: Assets/Assets/Chunks/Level 1/Chunk_Forest_06.prefab
  artifactKey: Guid(2c183935dbd8fd1459c08f4207942288) Importer(815301076,1909f56bfc062723c751e8b465ee728b)
Start importing Assets/Assets/Chunks/Level 1/Chunk_Forest_06.prefab using Guid(2c183935dbd8fd1459c08f4207942288) Importer(815301076,1909f56bfc062723c751e8b465ee728b)  -> (artifact id: 'd630da54e23c72d9dde81942f1beada9') in 0.024057 seconds 
  Import took 0.026397 seconds .

========================================================================
Received Import Request.
  Time since last request: 0.000217 seconds.
  path: Assets/Assets/Chunks/Level 1/Chunk010.prefab
  artifactKey: Guid(08828af5040c06e49809f4268490b7b6) Importer(815301076,1909f56bfc062723c751e8b465ee728b)
Start importing Assets/Assets/Chunks/Level 1/Chunk010.prefab using Guid(08828af5040c06e49809f4268490b7b6) Importer(815301076,1909f56bfc062723c751e8b465ee728b)  -> (artifact id: 'bf23e5678fc283a598ac5ef0a3ce9ff5') in 0.030643 seconds 
  Import took 0.033012 seconds .

========================================================================
Received Import Request.
  Time since last request: 0.000212 seconds.
  path: Assets/Assets/Chunks/Level 1/Chunk_Forest_04.prefab
  artifactKey: Guid(6ad842359f8b4cb4499d20b63cf07daa) Importer(815301076,1909f56bfc062723c751e8b465ee728b)
Start importing Assets/Assets/Chunks/Level 1/Chunk_Forest_04.prefab using Guid(6ad842359f8b4cb4499d20b63cf07daa) Importer(815301076,1909f56bfc062723c751e8b465ee728b)  -> (artifact id: '85bb8a02e80fbb98f453d0d03b23f694') in 0.028590 seconds 
  Import took 0.031535 seconds .

========================================================================
Received Import Request.
  Time since last request: 14.534520 seconds.
  path: Assets/Assets/Materials/Ice.png
  artifactKey: Guid(cb50a7b69c150124d88ae7cc89ecbdc2) Importer(815301076,1909f56bfc062723c751e8b465ee728b)
Start importing Assets/Assets/Materials/Ice.png using Guid(cb50a7b69c150124d88ae7cc89ecbdc2) Importer(815301076,1909f56bfc062723c751e8b465ee728b)  -> (artifact id: '3395bb2f6a9ccf9dbc3d576cf8261a51') in 0.053175 seconds 
  Import took 0.054972 seconds .

========================================================================
Received Import Request.
  Time since last request: 0.000208 seconds.
  path: Assets/Assets/Materials/Nivel 3 texturas.png
  artifactKey: Guid(39f1798b87e178e4da14424eac89e284) Importer(815301076,1909f56bfc062723c751e8b465ee728b)
Start importing Assets/Assets/Materials/Nivel 3 texturas.png using Guid(39f1798b87e178e4da14424eac89e284) Importer(815301076,1909f56bfc062723c751e8b465ee728b)  -> (artifact id: '648565f0c05f5f6eef716aa168d7ba70') in 0.013315 seconds 
  Import took 0.014929 seconds .

========================================================================
Received Import Request.
  Time since last request: 0.000458 seconds.
  path: Assets/Assets/Materials/New Material.mat
  artifactKey: Guid(487aeaca30fcde64787ed590474dcca1) Importer(815301076,1909f56bfc062723c751e8b465ee728b)
Start importing Assets/Assets/Materials/New Material.mat using Guid(487aeaca30fcde64787ed590474dcca1) Importer(815301076,1909f56bfc062723c751e8b465ee728b)  -> (artifact id: '8bcfe0984425efb7e3786cad3056195f') in 0.028140 seconds 
  Import took 0.029985 seconds .

========================================================================
Received Import Request.
  Time since last request: 0.000170 seconds.
  path: Assets/Assets/Materials/snowy.mat
  artifactKey: Guid(1d7efcaaeb3e5414aa9f3e3bb4364793) Importer(815301076,1909f56bfc062723c751e8b465ee728b)
Start importing Assets/Assets/Materials/snowy.mat using Guid(1d7efcaaeb3e5414aa9f3e3bb4364793) Importer(815301076,1909f56bfc062723c751e8b465ee728b)  -> (artifact id: '9fc697a0a171599708ccd58cb8b01171') in 0.011378 seconds 
  Import took 0.013063 seconds .

========================================================================
Received Import Request.
  Time since last request: 0.000174 seconds.
  path: Assets/Assets/Materials/New Physic Material.physicMaterial
  artifactKey: Guid(3b3d8d8876db84a4ca387550d4ff93e3) Importer(815301076,1909f56bfc062723c751e8b465ee728b)
Start importing Assets/Assets/Materials/New Physic Material.physicMaterial using Guid(3b3d8d8876db84a4ca387550d4ff93e3) Importer(815301076,1909f56bfc062723c751e8b465ee728b)  -> (artifact id: 'f647ae26c02656ff391d3cd8245ce1f0') in 0.008772 seconds 
  Import took 0.010343 seconds .

========================================================================
Received Import Request.
  Time since last request: 0.000201 seconds.
  path: Assets/Assets/Materials/Snow.png
  artifactKey: Guid(85f70e874ca59454c9a639e91b618dd9) Importer(815301076,1909f56bfc062723c751e8b465ee728b)
Start importing Assets/Assets/Materials/Snow.png using Guid(85f70e874ca59454c9a639e91b618dd9) Importer(815301076,1909f56bfc062723c751e8b465ee728b)  -> (artifact id: '798b120049fbd671ede6a568328325d1') in 0.009664 seconds 
  Import took 0.011284 seconds .

========================================================================
Received Import Request.
  Time since last request: 99.845968 seconds.
  path: Assets/Assets/Entities
  artifactKey: Guid(fb8d58523934c45feb683360c85a6979) Importer(815301076,1909f56bfc062723c751e8b465ee728b)
Start importing Assets/Assets/Entities using Guid(fb8d58523934c45feb683360c85a6979) Importer(815301076,1909f56bfc062723c751e8b465ee728b)  -> (artifact id: '9f3b74380e3da7ca542bec8c99030187') in 0.002389 seconds 
  Import took 0.004438 seconds .

========================================================================
Received Import Request.
  Time since last request: 0.064559 seconds.
  path: Assets/Assets/Entities/bufanda.prefab
  artifactKey: Guid(00c1ec71198cf7f4d8e9f7cf7beb45af) Importer(815301076,1909f56bfc062723c751e8b465ee728b)
Start importing Assets/Assets/Entities/bufanda.prefab using Guid(00c1ec71198cf7f4d8e9f7cf7beb45af) Importer(815301076,1909f56bfc062723c751e8b465ee728b)  -> (artifact id: '9530b5439f8de939ccac496000068c56') in 0.012929 seconds 
  Import took 0.015007 seconds .

========================================================================
Received Import Request.
  Time since last request: 0.000246 seconds.
  path: Assets/Assets/Entities/LettersEngine.prefab
  artifactKey: Guid(f1d5cbbe8a1b5401cb793bcfa6c01dfa) Importer(815301076,1909f56bfc062723c751e8b465ee728b)
Start importing Assets/Assets/Entities/LettersEngine.prefab using Guid(f1d5cbbe8a1b5401cb793bcfa6c01dfa) Importer(815301076,1909f56bfc062723c751e8b465ee728b)  -> (artifact id: '177672cd73b7f3d1b8f82274c1503da0') in 0.010785 seconds 
  Import took 0.012409 seconds .

========================================================================
Received Import Request.
  Time since last request: 0.000174 seconds.
  path: Assets/Assets/Entities/Sphere.prefab
  artifactKey: Guid(7116b5b6ee6d34a3a9473f7995c0fae4) Importer(815301076,1909f56bfc062723c751e8b465ee728b)
Start importing Assets/Assets/Entities/Sphere.prefab using Guid(7116b5b6ee6d34a3a9473f7995c0fae4) Importer(815301076,1909f56bfc062723c751e8b465ee728b)  -> (artifact id: 'c22df34cf9d62d82a52b853411fff171') in 0.009106 seconds 
  Import took 0.010842 seconds .

========================================================================
Received Import Request.
  Time since last request: 0.000173 seconds.
  path: Assets/Assets/Entities/lentes.prefab
  artifactKey: Guid(de0fe52ed29cc1e4fb7eff255bbd9602) Importer(815301076,1909f56bfc062723c751e8b465ee728b)
Start importing Assets/Assets/Entities/lentes.prefab using Guid(de0fe52ed29cc1e4fb7eff255bbd9602) Importer(815301076,1909f56bfc062723c751e8b465ee728b)  -> (artifact id: 'df54f63fe85b7ee25ade97a0cb31402c') in 0.011163 seconds 
  Import took 0.012981 seconds .

========================================================================
Received Import Request.
  Time since last request: 0.000207 seconds.
  path: Assets/Assets/Entities/camisa.prefab
  artifactKey: Guid(4279f532315a976448d4261bbf53c3bb) Importer(815301076,1909f56bfc062723c751e8b465ee728b)
Start importing Assets/Assets/Entities/camisa.prefab using Guid(4279f532315a976448d4261bbf53c3bb) Importer(815301076,1909f56bfc062723c751e8b465ee728b)  -> (artifact id: '911bd1a332415fd260a976e7766ec748') in 0.012152 seconds 
  Import took 0.014203 seconds .

========================================================================
Received Import Request.
  Time since last request: 0.000186 seconds.
  path: Assets/Assets/Entities/sombrero.prefab
  artifactKey: Guid(6e9bd74487e2abb48907826cd66b9b63) Importer(815301076,1909f56bfc062723c751e8b465ee728b)
Start importing Assets/Assets/Entities/sombrero.prefab using Guid(6e9bd74487e2abb48907826cd66b9b63) Importer(815301076,1909f56bfc062723c751e8b465ee728b)  -> (artifact id: '588e50175112e6e9e2ca4e20db3a8c54') in 0.013969 seconds 
  Import took 0.015875 seconds .

========================================================================
Received Import Request.
  Time since last request: 0.000239 seconds.
  path: Assets/Assets/Entities/chamarra.prefab
  artifactKey: Guid(246102ed66480ba4b812f6518fdc96da) Importer(815301076,1909f56bfc062723c751e8b465ee728b)
Start importing Assets/Assets/Entities/chamarra.prefab using Guid(246102ed66480ba4b812f6518fdc96da) Importer(815301076,1909f56bfc062723c751e8b465ee728b)  -> (artifact id: 'd04f37ec4d3a07219f29329594d234fc') in 0.010788 seconds 
  Import took 0.012519 seconds .

========================================================================
Received Import Request.
  Time since last request: 0.000187 seconds.
  path: Assets/Assets/Entities/orejeras.prefab
  artifactKey: Guid(44967f8b8188a3141b98f6ea4a68fa5e) Importer(815301076,1909f56bfc062723c751e8b465ee728b)
Start importing Assets/Assets/Entities/orejeras.prefab using Guid(44967f8b8188a3141b98f6ea4a68fa5e) Importer(815301076,1909f56bfc062723c751e8b465ee728b)  -> (artifact id: '11c359015c9c05c3fcd1b99e38db0e73') in 0.012593 seconds 
  Import took 0.014293 seconds .

========================================================================
Received Import Request.
  Time since last request: 14.942129 seconds.
  path: Assets/Assets/Chunks/Level 2/Chunk001.prefab
  artifactKey: Guid(3ec063ac435afb846808435de04f256d) Importer(815301076,1909f56bfc062723c751e8b465ee728b)
Start importing Assets/Assets/Chunks/Level 2/Chunk001.prefab using Guid(3ec063ac435afb846808435de04f256d) Importer(815301076,1909f56bfc062723c751e8b465ee728b)  -> (artifact id: '7e0ffbabbb7b8fbe18df4ec8561862a1') in 0.042132 seconds 
  Import took 0.044597 seconds .

========================================================================
Received Import Request.
  Time since last request: 0.000338 seconds.
  path: Assets/Assets/Chunks/Level 2/Chunk006.prefab
  artifactKey: Guid(2bb4d05fa5f3ba94c8e7aa8a6d2f1bb4) Importer(815301076,1909f56bfc062723c751e8b465ee728b)
Start importing Assets/Assets/Chunks/Level 2/Chunk006.prefab using Guid(2bb4d05fa5f3ba94c8e7aa8a6d2f1bb4) Importer(815301076,1909f56bfc062723c751e8b465ee728b)  -> (artifact id: '33d3e14ffdfe915d424f3d5213241422') in 0.031186 seconds 
  Import took 0.033559 seconds .

========================================================================
Received Import Request.
  Time since last request: 0.000177 seconds.
  path: Assets/Assets/Chunks/Level 2/Chunk003.prefab
  artifactKey: Guid(b24c8e5b2599055448c28e689c18132b) Importer(815301076,1909f56bfc062723c751e8b465ee728b)
Start importing Assets/Assets/Chunks/Level 2/Chunk003.prefab using Guid(b24c8e5b2599055448c28e689c18132b) Importer(815301076,1909f56bfc062723c751e8b465ee728b)  -> (artifact id: 'fb9afdc20b45ba2ffcb57bbcf08e624e') in 0.036134 seconds 
  Import took 0.038151 seconds .

========================================================================
Received Import Request.
  Time since last request: 0.000182 seconds.
  path: Assets/Assets/Chunks/Level 2/Chunk002.prefab
  artifactKey: Guid(6cddd80d6f3f6494d8062238e676d401) Importer(815301076,1909f56bfc062723c751e8b465ee728b)
Start importing Assets/Assets/Chunks/Level 2/Chunk002.prefab using Guid(6cddd80d6f3f6494d8062238e676d401) Importer(815301076,1909f56bfc062723c751e8b465ee728b)  -> (artifact id: '8d7d6c766a19747d71fd900ad02cade3') in 0.034998 seconds 
  Import took 0.037546 seconds .

========================================================================
Received Import Request.
  Time since last request: 0.000181 seconds.
  path: Assets/Assets/Chunks/Level 2/Chunk005.prefab
  artifactKey: Guid(4c48899bde352d14baabe8395ebe5bb7) Importer(815301076,1909f56bfc062723c751e8b465ee728b)
Start importing Assets/Assets/Chunks/Level 2/Chunk005.prefab using Guid(4c48899bde352d14baabe8395ebe5bb7) Importer(815301076,1909f56bfc062723c751e8b465ee728b)  -> (artifact id: '65c3b4ed7e97acadabba2a8a81cd322a') in 0.030839 seconds 
  Import took 0.033201 seconds .

========================================================================
Received Import Request.
  Time since last request: 0.000178 seconds.
  path: Assets/Assets/Chunks/Level 2/Chunk004.prefab
  artifactKey: Guid(434b6b45add94414a8c63108ffe6965a) Importer(815301076,1909f56bfc062723c751e8b465ee728b)
Start importing Assets/Assets/Chunks/Level 2/Chunk004.prefab using Guid(434b6b45add94414a8c63108ffe6965a) Importer(815301076,1909f56bfc062723c751e8b465ee728b)  -> (artifact id: '2ee2bea63217174e374828eebe930c9f') in 0.034115 seconds 
  Import took 0.036615 seconds .

========================================================================
Received Import Request.
  Time since last request: 10.005981 seconds.
  path: Assets/_TerrainAutoUpgrade/layer_Ground1cc0f254a2c535401.terrainlayer
  artifactKey: Guid(fc7d5819f12dca84da11e1bbc74a6581) Importer(815301076,1909f56bfc062723c751e8b465ee728b)
Start importing Assets/_TerrainAutoUpgrade/layer_Ground1cc0f254a2c535401.terrainlayer using Guid(fc7d5819f12dca84da11e1bbc74a6581) Importer(815301076,1909f56bfc062723c751e8b465ee728b)  -> (artifact id: '9339efc296ac622f3359b865e54d49a8') in 0.014963 seconds 
  Import took 0.016831 seconds .

========================================================================
Received Import Request.
  Time since last request: 0.000237 seconds.
  path: Assets/_TerrainAutoUpgrade/layer_Ground3cc0f254a2c535401.terrainlayer
  artifactKey: Guid(07e17fae9b878784fbb89a6d6eb8fbb2) Importer(815301076,1909f56bfc062723c751e8b465ee728b)
Start importing Assets/_TerrainAutoUpgrade/layer_Ground3cc0f254a2c535401.terrainlayer using Guid(07e17fae9b878784fbb89a6d6eb8fbb2) Importer(815301076,1909f56bfc062723c751e8b465ee728b)  -> (artifact id: '52748c0711fd06207ca710d409e38235') in 0.009599 seconds 
  Import took 0.011335 seconds .

========================================================================
Received Import Request.
  Time since last request: 0.000179 seconds.
  path: Assets/_TerrainAutoUpgrade/layer_Ground2cc0f254a2c535401.terrainlayer
  artifactKey: Guid(bd8a081b47efb8842b68b7956fd32c71) Importer(815301076,1909f56bfc062723c751e8b465ee728b)
Start importing Assets/_TerrainAutoUpgrade/layer_Ground2cc0f254a2c535401.terrainlayer using Guid(bd8a081b47efb8842b68b7956fd32c71) Importer(815301076,1909f56bfc062723c751e8b465ee728b)  -> (artifact id: '98d346cba86c1aa330e005b57c7b66cc') in 0.009835 seconds 
  Import took 0.011616 seconds .

========================================================================
Received Import Request.
  Time since last request: 6.544527 seconds.
  path: Assets/Assets
  artifactKey: Guid(a394db57f532b64498c178ea2e33e94f) Importer(815301076,1909f56bfc062723c751e8b465ee728b)
Start importing Assets/Assets using Guid(a394db57f532b64498c178ea2e33e94f) Importer(815301076,1909f56bfc062723c751e8b465ee728b)  -> (artifact id: '7c70d7b0dff95c012e536e964f7f544d') in 0.005761 seconds 
  Import took 0.007736 seconds .

========================================================================
Received Import Request.
  Time since last request: 21.053696 seconds.
  path: Assets/Scenes
  artifactKey: Guid(312efdd33da97f244b175a91c9c9196e) Importer(815301076,1909f56bfc062723c751e8b465ee728b)
Start importing Assets/Scenes using Guid(312efdd33da97f244b175a91c9c9196e) Importer(815301076,1909f56bfc062723c751e8b465ee728b)  -> (artifact id: '27d383bb10553e36a9dd40d363169897') in 0.007611 seconds 
  Import took 0.009475 seconds .

========================================================================
Received Import Request.
  Time since last request: 0.967994 seconds.
  path: Assets/Scenes/Level2
  artifactKey: Guid(b0941b3ae518f1b439472165bf762944) Importer(815301076,1909f56bfc062723c751e8b465ee728b)
Start importing Assets/Scenes/Level2 using Guid(b0941b3ae518f1b439472165bf762944) Importer(815301076,1909f56bfc062723c751e8b465ee728b)  -> (artifact id: '06d89a1225ff18f24ea034a8a94cd9ee') in 0.002873 seconds 
  Import took 0.004688 seconds .

========================================================================
Received Import Request.
  Time since last request: 1.030067 seconds.
  path: Assets/Scenes/Level2/Level2.unity
  artifactKey: Guid(bed4bcb3791de4a4395a251e97851001) Importer(815301076,1909f56bfc062723c751e8b465ee728b)
Start importing Assets/Scenes/Level2/Level2.unity using Guid(bed4bcb3791de4a4395a251e97851001) Importer(815301076,1909f56bfc062723c751e8b465ee728b)  -> (artifact id: 'a91278bfbf5b2241d804bcb88b57e10b') in 0.006677 seconds 
  Import took 0.008524 seconds .

========================================================================
Received Import Request.
  Time since last request: 4655.469905 seconds.
  path: Assets/Scenes/Level2/Scripts
  artifactKey: Guid(78e51045a107c3a46a1fa38d1e630b2e) Importer(815301076,1909f56bfc062723c751e8b465ee728b)
Start importing Assets/Scenes/Level2/Scripts using Guid(78e51045a107c3a46a1fa38d1e630b2e) Importer(815301076,1909f56bfc062723c751e8b465ee728b)  -> (artifact id: 'b47d3d74c872382cc6a3c53b07bead54') in 0.006168 seconds 
  Import took 0.008181 seconds .

========================================================================
Received Import Request.
  Time since last request: 9.291919 seconds.
  path: Assets/Scenes/Level2/Scripts/LettersEngine.cs
  artifactKey: Guid(524ed4e5944218947b8999db3323bb3d) Importer(815301076,1909f56bfc062723c751e8b465ee728b)
Start importing Assets/Scenes/Level2/Scripts/LettersEngine.cs using Guid(524ed4e5944218947b8999db3323bb3d) Importer(815301076,1909f56bfc062723c751e8b465ee728b)  -> (artifact id: '597acca5bf42a69aec34e3a8111e9f7d') in 0.006170 seconds 
  Import took 0.007999 seconds .

========================================================================
Received Import Request.
  Time since last request: 17.684884 seconds.
  path: Assets/Assets/Entities/LettersEngine.cs
  artifactKey: Guid(3243be2d363db44cea382bc07dd4073a) Importer(815301076,1909f56bfc062723c751e8b465ee728b)
Start importing Assets/Assets/Entities/LettersEngine.cs using Guid(3243be2d363db44cea382bc07dd4073a) Importer(815301076,1909f56bfc062723c751e8b465ee728b)  -> (artifact id: 'fa367506563a07a13d7c53c4cf0a7fcc') in 0.002562 seconds 
  Import took 0.004306 seconds .

========================================================================
Received Import Request.
  Time since last request: 12.413266 seconds.
  path: Assets/Assets/Entities/LettersGame.cs
  artifactKey: Guid(3243be2d363db44cea382bc07dd4073a) Importer(815301076,1909f56bfc062723c751e8b465ee728b)
Start importing Assets/Assets/Entities/LettersGame.cs using Guid(3243be2d363db44cea382bc07dd4073a) Importer(815301076,1909f56bfc062723c751e8b465ee728b)  -> (artifact id: '22a19024e008b0dde44754d1c7092129') in 0.007250 seconds 
  Import took 0.009141 seconds .

========================================================================
Received Prepare
Registering precompiled user dll's ...
Registered in 0.001022 seconds.
Begin MonoManager ReloadAssembly
Native extension for WindowsStandalone target not found
Native extension for WebGL target not found
Refreshing native plugins compatible for Editor in 0.25 ms, found 0 plugins.
Preloading 0 native plugins for Editor in 0.00 ms.
Mono: successfully reloaded assembly
- Completed reload, in  0.777 seconds
Domain Reload Profiling:
	ReloadAssembly (777ms)
		BeginReloadAssembly (113ms)
			ExecutionOrderSort (0ms)
			DisableScriptedObjects (4ms)
			BackupInstance (0ms)
			ReleaseScriptingObjects (0ms)
			CreateAndSetChildDomain (22ms)
		EndReloadAssembly (600ms)
			LoadAssemblies (85ms)
			RebuildTransferFunctionScriptingTraits (0ms)
			SetupTypeCache (206ms)
			ReleaseScriptCaches (1ms)
			RebuildScriptCaches (33ms)
			SetupLoadedEditorAssemblies (180ms)
				LogAssemblyErrors (0ms)
				InitializePlatformSupportModulesInManaged (6ms)
				SetLoadedEditorAssemblies (1ms)
				RefreshPlugins (0ms)
				BeforeProcessingInitializeOnLoad (48ms)
				ProcessInitializeOnLoadAttributes (114ms)
				ProcessInitializeOnLoadMethodAttributes (5ms)
				AfterProcessingInitializeOnLoad (6ms)
				EditorAssembliesLoaded (0ms)
			ExecutionOrderSort2 (0ms)
			AwakeInstancesAfterBackupRestoration (7ms)
Platform modules already initialized, skipping
Refreshing native plugins compatible for Editor in 0.25 ms, found 0 plugins.
Preloading 0 native plugins for Editor in 0.00 ms.
Unloading 1077 Unused Serialized files (Serialized files now loaded: 0)
System memory in use before: 89.5 MB.
System memory in use after: 89.6 MB.

Unloading 5 unused Assets to reduce memory usage. Loaded Objects now: 1617.
Total: 2.442400 ms (FindLiveObjects: 0.108200 ms CreateObjectMapping: 0.026900 ms MarkObjects: 2.284800 ms  DeleteObjects: 0.021300 ms)

AssetImportParameters requested are different than current active one (requested -> active):
  custom:framework-win-MediaFoundation: 216162199b28c13a410421893ffa2e32 -> 
  custom:video-decoder-ogg-theora: a1e56fd34408186e4bbccfd4996cb3dc -> 
  custom:container-muxer-webm: aa71ff27fc2769a1b78a27578f13a17b -> 
  custom:container-demuxer-webm: 4f35f7cbe854078d1ac9338744f61a02 -> 
  custom:container-demuxer-ogg: 62fdf1f143b41e24485cea50d1cbac27 -> 
  custom:video-encoder-webm-vp8: eb34c28f22e8b96e1ab97ce403110664 -> 
  custom:video-decoder-webm-vp8: 9c59270c3fd7afecdb556c50c9e8de78 -> 
  custom:audio-decoder-ogg-vorbis: bf7c407c2cedff20999df2af8eb42d56 -> 
  custom:audio-encoder-webm-vorbis: bf7c407c2cedff20999df2af8eb42d56 -> 
========================================================================
Received Import Request.
  Time since last request: 23.244267 seconds.
  path: Assets/Assets/Entities/LettersGame.cs
  artifactKey: Guid(3243be2d363db44cea382bc07dd4073a) Importer(815301076,1909f56bfc062723c751e8b465ee728b)
Start importing Assets/Assets/Entities/LettersGame.cs using Guid(3243be2d363db44cea382bc07dd4073a) Importer(815301076,1909f56bfc062723c751e8b465ee728b)  -> (artifact id: '449b12cc35ae44f6942a2f72bc4a82ea') in 0.004826 seconds 
  Import took 0.006626 seconds .

========================================================================
Received Import Request.
  Time since last request: 1212.628385 seconds.
  path: Assets/Scenes/Level2/Scripts/LettersEngine.cs
  artifactKey: Guid(524ed4e5944218947b8999db3323bb3d) Importer(815301076,1909f56bfc062723c751e8b465ee728b)
Start importing Assets/Scenes/Level2/Scripts/LettersEngine.cs using Guid(524ed4e5944218947b8999db3323bb3d) Importer(815301076,1909f56bfc062723c751e8b465ee728b)  -> (artifact id: '3889414d28715cc76aca3561241188da') in 0.005374 seconds 
  Import took 0.007317 seconds .

========================================================================
Received Import Request.
  Time since last request: 434.341087 seconds.
  path: Assets/Scenes/Level2/Scripts/LettersEngine.cs
  artifactKey: Guid(524ed4e5944218947b8999db3323bb3d) Importer(815301076,1909f56bfc062723c751e8b465ee728b)
Start importing Assets/Scenes/Level2/Scripts/LettersEngine.cs using Guid(524ed4e5944218947b8999db3323bb3d) Importer(815301076,1909f56bfc062723c751e8b465ee728b)  -> (artifact id: 'e02f3260159a707160248dbeef94ae6f') in 0.003209 seconds 
  Import took 0.005251 seconds .

========================================================================
Received Prepare
Registering precompiled user dll's ...
Registered in 0.001139 seconds.
Begin MonoManager ReloadAssembly
Native extension for WindowsStandalone target not found
Native extension for WebGL target not found
Refreshing native plugins compatible for Editor in 0.29 ms, found 0 plugins.
Preloading 0 native plugins for Editor in 0.00 ms.
Mono: successfully reloaded assembly
- Completed reload, in  0.765 seconds
Domain Reload Profiling:
	ReloadAssembly (766ms)
		BeginReloadAssembly (105ms)
			ExecutionOrderSort (0ms)
			DisableScriptedObjects (5ms)
			BackupInstance (0ms)
			ReleaseScriptingObjects (0ms)
			CreateAndSetChildDomain (21ms)
		EndReloadAssembly (596ms)
			LoadAssemblies (81ms)
			RebuildTransferFunctionScriptingTraits (0ms)
			SetupTypeCache (208ms)
			ReleaseScriptCaches (1ms)
			RebuildScriptCaches (33ms)
			SetupLoadedEditorAssemblies (175ms)
				LogAssemblyErrors (0ms)
				InitializePlatformSupportModulesInManaged (6ms)
				SetLoadedEditorAssemblies (1ms)
				RefreshPlugins (0ms)
				BeforeProcessingInitializeOnLoad (47ms)
				ProcessInitializeOnLoadAttributes (110ms)
				ProcessInitializeOnLoadMethodAttributes (4ms)
				AfterProcessingInitializeOnLoad (6ms)
				EditorAssembliesLoaded (0ms)
			ExecutionOrderSort2 (0ms)
			AwakeInstancesAfterBackupRestoration (7ms)
Platform modules already initialized, skipping
Refreshing native plugins compatible for Editor in 0.29 ms, found 0 plugins.
Preloading 0 native plugins for Editor in 0.00 ms.
Unloading 1077 Unused Serialized files (Serialized files now loaded: 0)
System memory in use before: 89.5 MB.
System memory in use after: 89.6 MB.

Unloading 4 unused Assets to reduce memory usage. Loaded Objects now: 1620.
Total: 2.470000 ms (FindLiveObjects: 0.192600 ms CreateObjectMapping: 0.030500 ms MarkObjects: 2.232800 ms  DeleteObjects: 0.013000 ms)

AssetImportParameters requested are different than current active one (requested -> active):
  custom:framework-win-MediaFoundation: 216162199b28c13a410421893ffa2e32 -> 
  custom:video-decoder-ogg-theora: a1e56fd34408186e4bbccfd4996cb3dc -> 
  custom:container-muxer-webm: aa71ff27fc2769a1b78a27578f13a17b -> 
  custom:container-demuxer-webm: 4f35f7cbe854078d1ac9338744f61a02 -> 
  custom:container-demuxer-ogg: 62fdf1f143b41e24485cea50d1cbac27 -> 
  custom:video-encoder-webm-vp8: eb34c28f22e8b96e1ab97ce403110664 -> 
  custom:video-decoder-webm-vp8: 9c59270c3fd7afecdb556c50c9e8de78 -> 
  custom:audio-decoder-ogg-vorbis: bf7c407c2cedff20999df2af8eb42d56 -> 
  custom:audio-encoder-webm-vorbis: bf7c407c2cedff20999df2af8eb42d56 -> 
========================================================================
Received Import Request.
  Time since last request: 147.070995 seconds.
  path: Assets/Scenes/Level2/Scripts/LettersEngine.cs
  artifactKey: Guid(524ed4e5944218947b8999db3323bb3d) Importer(815301076,1909f56bfc062723c751e8b465ee728b)
Start importing Assets/Scenes/Level2/Scripts/LettersEngine.cs using Guid(524ed4e5944218947b8999db3323bb3d) Importer(815301076,1909f56bfc062723c751e8b465ee728b)  -> (artifact id: '4aff116373ab04269d173d307041447e') in 0.005476 seconds 
  Import took 0.007434 seconds .

========================================================================
Received Prepare
Registering precompiled user dll's ...
Registered in 0.000864 seconds.
Begin MonoManager ReloadAssembly
Native extension for WindowsStandalone target not found
Native extension for WebGL target not found
Refreshing native plugins compatible for Editor in 0.52 ms, found 0 plugins.
Preloading 0 native plugins for Editor in 0.00 ms.
Mono: successfully reloaded assembly
- Completed reload, in  0.772 seconds
Domain Reload Profiling:
	ReloadAssembly (773ms)
		BeginReloadAssembly (108ms)
			ExecutionOrderSort (0ms)
			DisableScriptedObjects (5ms)
			BackupInstance (0ms)
			ReleaseScriptingObjects (0ms)
			CreateAndSetChildDomain (24ms)
		EndReloadAssembly (579ms)
			LoadAssemblies (79ms)
			RebuildTransferFunctionScriptingTraits (0ms)
			SetupTypeCache (187ms)
			ReleaseScriptCaches (1ms)
			RebuildScriptCaches (33ms)
			SetupLoadedEditorAssemblies (183ms)
				LogAssemblyErrors (0ms)
				InitializePlatformSupportModulesInManaged (6ms)
				SetLoadedEditorAssemblies (1ms)
				RefreshPlugins (1ms)
				BeforeProcessingInitializeOnLoad (48ms)
				ProcessInitializeOnLoadAttributes (116ms)
				ProcessInitializeOnLoadMethodAttributes (5ms)
				AfterProcessingInitializeOnLoad (7ms)
				EditorAssembliesLoaded (0ms)
			ExecutionOrderSort2 (0ms)
			AwakeInstancesAfterBackupRestoration (7ms)
Platform modules already initialized, skipping
Refreshing native plugins compatible for Editor in 0.25 ms, found 0 plugins.
Preloading 0 native plugins for Editor in 0.00 ms.
Unloading 1077 Unused Serialized files (Serialized files now loaded: 0)
System memory in use before: 89.5 MB.
System memory in use after: 89.6 MB.

Unloading 4 unused Assets to reduce memory usage. Loaded Objects now: 1623.
Total: 2.203900 ms (FindLiveObjects: 0.104700 ms CreateObjectMapping: 0.028500 ms MarkObjects: 2.059200 ms  DeleteObjects: 0.010500 ms)

AssetImportParameters requested are different than current active one (requested -> active):
  custom:framework-win-MediaFoundation: 216162199b28c13a410421893ffa2e32 -> 
  custom:video-decoder-ogg-theora: a1e56fd34408186e4bbccfd4996cb3dc -> 
  custom:container-muxer-webm: aa71ff27fc2769a1b78a27578f13a17b -> 
  custom:container-demuxer-webm: 4f35f7cbe854078d1ac9338744f61a02 -> 
  custom:container-demuxer-ogg: 62fdf1f143b41e24485cea50d1cbac27 -> 
  custom:video-encoder-webm-vp8: eb34c28f22e8b96e1ab97ce403110664 -> 
  custom:video-decoder-webm-vp8: 9c59270c3fd7afecdb556c50c9e8de78 -> 
  custom:audio-decoder-ogg-vorbis: bf7c407c2cedff20999df2af8eb42d56 -> 
  custom:audio-encoder-webm-vorbis: bf7c407c2cedff20999df2af8eb42d56 -> 
========================================================================
Received Import Request.
  Time since last request: 206.168878 seconds.
  path: Assets/Scenes/Level2/LettersGame.prefab
  artifactKey: Guid(08ab5fe3a2620a44e877da5d6b941660) Importer(815301076,1909f56bfc062723c751e8b465ee728b)
Start importing Assets/Scenes/Level2/LettersGame.prefab using Guid(08ab5fe3a2620a44e877da5d6b941660) Importer(815301076,1909f56bfc062723c751e8b465ee728b)  -> (artifact id: '73ed3896ba6afce8459cc4fa8149796b') in 0.033252 seconds 
  Import took 0.035344 seconds .

========================================================================
Received Prepare
Registering precompiled user dll's ...
Registered in 0.000735 seconds.
Begin MonoManager ReloadAssembly
Native extension for WindowsStandalone target not found
Native extension for WebGL target not found
Refreshing native plugins compatible for Editor in 0.28 ms, found 0 plugins.
Preloading 0 native plugins for Editor in 0.00 ms.
Mono: successfully reloaded assembly
- Completed reload, in  0.748 seconds
Domain Reload Profiling:
	ReloadAssembly (749ms)
		BeginReloadAssembly (104ms)
			ExecutionOrderSort (0ms)
			DisableScriptedObjects (5ms)
			BackupInstance (0ms)
			ReleaseScriptingObjects (0ms)
			CreateAndSetChildDomain (22ms)
		EndReloadAssembly (581ms)
			LoadAssemblies (79ms)
			RebuildTransferFunctionScriptingTraits (0ms)
			SetupTypeCache (186ms)
			ReleaseScriptCaches (1ms)
			RebuildScriptCaches (34ms)
			SetupLoadedEditorAssemblies (177ms)
				LogAssemblyErrors (0ms)
				InitializePlatformSupportModulesInManaged (6ms)
				SetLoadedEditorAssemblies (1ms)
				RefreshPlugins (0ms)
				BeforeProcessingInitializeOnLoad (47ms)
				ProcessInitializeOnLoadAttributes (112ms)
				ProcessInitializeOnLoadMethodAttributes (4ms)
				AfterProcessingInitializeOnLoad (7ms)
				EditorAssembliesLoaded (0ms)
			ExecutionOrderSort2 (0ms)
			AwakeInstancesAfterBackupRestoration (7ms)
Platform modules already initialized, skipping
Refreshing native plugins compatible for Editor in 0.25 ms, found 0 plugins.
Preloading 0 native plugins for Editor in 0.00 ms.
Unloading 1077 Unused Serialized files (Serialized files now loaded: 0)
System memory in use before: 89.5 MB.
System memory in use after: 89.6 MB.

Unloading 4 unused Assets to reduce memory usage. Loaded Objects now: 1626.
Total: 2.274400 ms (FindLiveObjects: 0.111000 ms CreateObjectMapping: 0.029000 ms MarkObjects: 2.121000 ms  DeleteObjects: 0.011900 ms)

AssetImportParameters requested are different than current active one (requested -> active):
  custom:framework-win-MediaFoundation: 216162199b28c13a410421893ffa2e32 -> 
  custom:video-decoder-ogg-theora: a1e56fd34408186e4bbccfd4996cb3dc -> 
  custom:container-muxer-webm: aa71ff27fc2769a1b78a27578f13a17b -> 
  custom:container-demuxer-webm: 4f35f7cbe854078d1ac9338744f61a02 -> 
  custom:container-demuxer-ogg: 62fdf1f143b41e24485cea50d1cbac27 -> 
  custom:video-encoder-webm-vp8: eb34c28f22e8b96e1ab97ce403110664 -> 
  custom:video-decoder-webm-vp8: 9c59270c3fd7afecdb556c50c9e8de78 -> 
  custom:audio-decoder-ogg-vorbis: bf7c407c2cedff20999df2af8eb42d56 -> 
  custom:audio-encoder-webm-vorbis: bf7c407c2cedff20999df2af8eb42d56 -> 
========================================================================
Received Prepare
Registering precompiled user dll's ...
Registered in 0.000929 seconds.
Begin MonoManager ReloadAssembly
Native extension for WindowsStandalone target not found
Native extension for WebGL target not found
Refreshing native plugins compatible for Editor in 0.26 ms, found 0 plugins.
Preloading 0 native plugins for Editor in 0.00 ms.
Mono: successfully reloaded assembly
- Completed reload, in  0.742 seconds
Domain Reload Profiling:
	ReloadAssembly (743ms)
		BeginReloadAssembly (97ms)
			ExecutionOrderSort (0ms)
			DisableScriptedObjects (5ms)
			BackupInstance (0ms)
			ReleaseScriptingObjects (0ms)
			CreateAndSetChildDomain (19ms)
		EndReloadAssembly (579ms)
			LoadAssemblies (79ms)
			RebuildTransferFunctionScriptingTraits (0ms)
			SetupTypeCache (187ms)
			ReleaseScriptCaches (1ms)
			RebuildScriptCaches (33ms)
			SetupLoadedEditorAssemblies (179ms)
				LogAssemblyErrors (0ms)
				InitializePlatformSupportModulesInManaged (6ms)
				SetLoadedEditorAssemblies (1ms)
				RefreshPlugins (0ms)
				BeforeProcessingInitializeOnLoad (46ms)
				ProcessInitializeOnLoadAttributes (116ms)
				ProcessInitializeOnLoadMethodAttributes (4ms)
				AfterProcessingInitializeOnLoad (6ms)
				EditorAssembliesLoaded (0ms)
			ExecutionOrderSort2 (0ms)
			AwakeInstancesAfterBackupRestoration (7ms)
Platform modules already initialized, skipping
Refreshing native plugins compatible for Editor in 0.32 ms, found 0 plugins.
Preloading 0 native plugins for Editor in 0.00 ms.
Unloading 1077 Unused Serialized files (Serialized files now loaded: 0)
System memory in use before: 89.5 MB.
System memory in use after: 89.6 MB.

Unloading 4 unused Assets to reduce memory usage. Loaded Objects now: 1629.
Total: 2.251500 ms (FindLiveObjects: 0.113600 ms CreateObjectMapping: 0.028300 ms MarkObjects: 2.097700 ms  DeleteObjects: 0.011000 ms)

AssetImportParameters requested are different than current active one (requested -> active):
  custom:framework-win-MediaFoundation: 216162199b28c13a410421893ffa2e32 -> 
  custom:video-decoder-ogg-theora: a1e56fd34408186e4bbccfd4996cb3dc -> 
  custom:container-muxer-webm: aa71ff27fc2769a1b78a27578f13a17b -> 
  custom:container-demuxer-webm: 4f35f7cbe854078d1ac9338744f61a02 -> 
  custom:container-demuxer-ogg: 62fdf1f143b41e24485cea50d1cbac27 -> 
  custom:video-encoder-webm-vp8: eb34c28f22e8b96e1ab97ce403110664 -> 
  custom:video-decoder-webm-vp8: 9c59270c3fd7afecdb556c50c9e8de78 -> 
  custom:audio-decoder-ogg-vorbis: bf7c407c2cedff20999df2af8eb42d56 -> 
  custom:audio-encoder-webm-vorbis: bf7c407c2cedff20999df2af8eb42d56 -> 
========================================================================
Received Prepare
Registering precompiled user dll's ...
Registered in 0.000820 seconds.
Begin MonoManager ReloadAssembly
Native extension for WindowsStandalone target not found
Native extension for WebGL target not found
Refreshing native plugins compatible for Editor in 0.27 ms, found 0 plugins.
Preloading 0 native plugins for Editor in 0.00 ms.
Mono: successfully reloaded assembly
- Completed reload, in  0.737 seconds
Domain Reload Profiling:
	ReloadAssembly (738ms)
		BeginReloadAssembly (93ms)
			ExecutionOrderSort (0ms)
			DisableScriptedObjects (5ms)
			BackupInstance (0ms)
			ReleaseScriptingObjects (0ms)
			CreateAndSetChildDomain (19ms)
		EndReloadAssembly (580ms)
			LoadAssemblies (81ms)
			RebuildTransferFunctionScriptingTraits (0ms)
			SetupTypeCache (184ms)
			ReleaseScriptCaches (1ms)
			RebuildScriptCaches (33ms)
			SetupLoadedEditorAssemblies (179ms)
				LogAssemblyErrors (0ms)
				InitializePlatformSupportModulesInManaged (6ms)
				SetLoadedEditorAssemblies (0ms)
				RefreshPlugins (0ms)
				BeforeProcessingInitializeOnLoad (48ms)
				ProcessInitializeOnLoadAttributes (113ms)
				ProcessInitializeOnLoadMethodAttributes (4ms)
				AfterProcessingInitializeOnLoad (6ms)
				EditorAssembliesLoaded (0ms)
			ExecutionOrderSort2 (0ms)
			AwakeInstancesAfterBackupRestoration (8ms)
Platform modules already initialized, skipping
Refreshing native plugins compatible for Editor in 0.25 ms, found 0 plugins.
Preloading 0 native plugins for Editor in 0.00 ms.
Unloading 1077 Unused Serialized files (Serialized files now loaded: 0)
System memory in use before: 89.5 MB.
System memory in use after: 89.6 MB.

Unloading 4 unused Assets to reduce memory usage. Loaded Objects now: 1632.
Total: 2.303000 ms (FindLiveObjects: 0.119900 ms CreateObjectMapping: 0.028800 ms MarkObjects: 2.142100 ms  DeleteObjects: 0.011300 ms)

AssetImportParameters requested are different than current active one (requested -> active):
  custom:framework-win-MediaFoundation: 216162199b28c13a410421893ffa2e32 -> 
  custom:video-decoder-ogg-theora: a1e56fd34408186e4bbccfd4996cb3dc -> 
  custom:container-muxer-webm: aa71ff27fc2769a1b78a27578f13a17b -> 
  custom:container-demuxer-webm: 4f35f7cbe854078d1ac9338744f61a02 -> 
  custom:container-demuxer-ogg: 62fdf1f143b41e24485cea50d1cbac27 -> 
  custom:video-encoder-webm-vp8: eb34c28f22e8b96e1ab97ce403110664 -> 
  custom:video-decoder-webm-vp8: 9c59270c3fd7afecdb556c50c9e8de78 -> 
  custom:audio-decoder-ogg-vorbis: bf7c407c2cedff20999df2af8eb42d56 -> 
  custom:audio-encoder-webm-vorbis: bf7c407c2cedff20999df2af8eb42d56 -> 
========================================================================
Received Prepare
Registering precompiled user dll's ...
Registered in 0.000787 seconds.
Begin MonoManager ReloadAssembly
Native extension for WindowsStandalone target not found
Native extension for WebGL target not found
Refreshing native plugins compatible for Editor in 0.25 ms, found 0 plugins.
Preloading 0 native plugins for Editor in 0.00 ms.
Mono: successfully reloaded assembly
- Completed reload, in  0.728 seconds
Domain Reload Profiling:
	ReloadAssembly (729ms)
		BeginReloadAssembly (92ms)
			ExecutionOrderSort (0ms)
			DisableScriptedObjects (5ms)
			BackupInstance (0ms)
			ReleaseScriptingObjects (0ms)
			CreateAndSetChildDomain (18ms)
		EndReloadAssembly (573ms)
			LoadAssemblies (77ms)
			RebuildTransferFunctionScriptingTraits (0ms)
			SetupTypeCache (187ms)
			ReleaseScriptCaches (1ms)
			RebuildScriptCaches (34ms)
			SetupLoadedEditorAssemblies (176ms)
				LogAssemblyErrors (0ms)
				InitializePlatformSupportModulesInManaged (6ms)
				SetLoadedEditorAssemblies (0ms)
				RefreshPlugins (0ms)
				BeforeProcessingInitializeOnLoad (48ms)
				ProcessInitializeOnLoadAttributes (110ms)
				ProcessInitializeOnLoadMethodAttributes (4ms)
				AfterProcessingInitializeOnLoad (6ms)
				EditorAssembliesLoaded (0ms)
			ExecutionOrderSort2 (0ms)
			AwakeInstancesAfterBackupRestoration (7ms)
Platform modules already initialized, skipping
Refreshing native plugins compatible for Editor in 0.25 ms, found 0 plugins.
Preloading 0 native plugins for Editor in 0.00 ms.
Unloading 1077 Unused Serialized files (Serialized files now loaded: 0)
System memory in use before: 89.6 MB.
System memory in use after: 89.7 MB.

Unloading 4 unused Assets to reduce memory usage. Loaded Objects now: 1635.
Total: 2.227500 ms (FindLiveObjects: 0.125000 ms CreateObjectMapping: 0.028900 ms MarkObjects: 2.062100 ms  DeleteObjects: 0.010500 ms)

AssetImportParameters requested are different than current active one (requested -> active):
  custom:framework-win-MediaFoundation: 216162199b28c13a410421893ffa2e32 -> 
  custom:video-decoder-ogg-theora: a1e56fd34408186e4bbccfd4996cb3dc -> 
  custom:container-muxer-webm: aa71ff27fc2769a1b78a27578f13a17b -> 
  custom:container-demuxer-webm: 4f35f7cbe854078d1ac9338744f61a02 -> 
  custom:container-demuxer-ogg: 62fdf1f143b41e24485cea50d1cbac27 -> 
  custom:video-encoder-webm-vp8: eb34c28f22e8b96e1ab97ce403110664 -> 
  custom:video-decoder-webm-vp8: 9c59270c3fd7afecdb556c50c9e8de78 -> 
  custom:audio-decoder-ogg-vorbis: bf7c407c2cedff20999df2af8eb42d56 -> 
  custom:audio-encoder-webm-vorbis: bf7c407c2cedff20999df2af8eb42d56 -> 
========================================================================
Received Prepare
Registering precompiled user dll's ...
Registered in 0.000705 seconds.
Begin MonoManager ReloadAssembly
Native extension for WindowsStandalone target not found
Native extension for WebGL target not found
Refreshing native plugins compatible for Editor in 0.26 ms, found 0 plugins.
Preloading 0 native plugins for Editor in 0.00 ms.
Mono: successfully reloaded assembly
- Completed reload, in  0.734 seconds
Domain Reload Profiling:
	ReloadAssembly (735ms)
		BeginReloadAssembly (101ms)
			ExecutionOrderSort (0ms)
			DisableScriptedObjects (5ms)
			BackupInstance (0ms)
			ReleaseScriptingObjects (0ms)
			CreateAndSetChildDomain (18ms)
		EndReloadAssembly (566ms)
			LoadAssemblies (76ms)
			RebuildTransferFunctionScriptingTraits (0ms)
			SetupTypeCache (181ms)
			ReleaseScriptCaches (1ms)
			RebuildScriptCaches (35ms)
			SetupLoadedEditorAssemblies (173ms)
				LogAssemblyErrors (0ms)
				InitializePlatformSupportModulesInManaged (5ms)
				SetLoadedEditorAssemblies (0ms)
				RefreshPlugins (0ms)
				BeforeProcessingInitializeOnLoad (47ms)
				ProcessInitializeOnLoadAttributes (108ms)
				ProcessInitializeOnLoadMethodAttributes (4ms)
				AfterProcessingInitializeOnLoad (6ms)
				EditorAssembliesLoaded (0ms)
			ExecutionOrderSort2 (0ms)
			AwakeInstancesAfterBackupRestoration (7ms)
Platform modules already initialized, skipping
Refreshing native plugins compatible for Editor in 0.25 ms, found 0 plugins.
Preloading 0 native plugins for Editor in 0.00 ms.
Unloading 1077 Unused Serialized files (Serialized files now loaded: 0)
System memory in use before: 89.6 MB.
System memory in use after: 89.7 MB.

Unloading 4 unused Assets to reduce memory usage. Loaded Objects now: 1638.
Total: 2.402500 ms (FindLiveObjects: 0.196500 ms CreateObjectMapping: 0.030100 ms MarkObjects: 2.161800 ms  DeleteObjects: 0.012400 ms)

AssetImportParameters requested are different than current active one (requested -> active):
  custom:framework-win-MediaFoundation: 216162199b28c13a410421893ffa2e32 -> 
  custom:video-decoder-ogg-theora: a1e56fd34408186e4bbccfd4996cb3dc -> 
  custom:container-muxer-webm: aa71ff27fc2769a1b78a27578f13a17b -> 
  custom:container-demuxer-webm: 4f35f7cbe854078d1ac9338744f61a02 -> 
  custom:container-demuxer-ogg: 62fdf1f143b41e24485cea50d1cbac27 -> 
  custom:video-encoder-webm-vp8: eb34c28f22e8b96e1ab97ce403110664 -> 
  custom:video-decoder-webm-vp8: 9c59270c3fd7afecdb556c50c9e8de78 -> 
  custom:audio-decoder-ogg-vorbis: bf7c407c2cedff20999df2af8eb42d56 -> 
  custom:audio-encoder-webm-vorbis: bf7c407c2cedff20999df2af8eb42d56 -> 
AssetImportWorkerClient::OnTransportError - code=2 error=End of file
